# compile-train-graphs-ctc /home/user/linjr/auto_train/var/running_69787a52ad5b477d9a22b1253cc1dbb1/exp/smbr_ali_lat/tree /home/user/linjr/auto_train/var/running_69787a52ad5b477d9a22b1253cc1dbb1/exp/smbr_ali_lat/final.mdl /home/user/linjr/dcs_model_train_package_general_06052019_2.6.3_16k/ctc_16k_fsmn_court_resource/16k_general_wholeword_lfr/L.fst /home/user/linjr/dcs_model_train_package_general_06052019_2.6.3_16k/ctc_16k_fsmn_court_resource/16k_general_wholeword_lfr/T.fst "ark:utils/sym2int.pl --map-oov 1997 -f 2- /home/user/linjr/dcs_model_train_package_general_06052019_2.6.3_16k/ctc_16k_fsmn_court_resource/16k_general_wholeword_lfr/words.txt /home/user/linjr/auto_train/var/running_69787a52ad5b477d9a22b1253cc1dbb1/exp/data/train/split20/12/text|" ark:- | align-compiled --transition-scale=1.0 --acoustic-scale=0.1 --self-loop-scale=0.1 --beam=10 --retry-beam=40 /home/user/linjr/auto_train/var/running_69787a52ad5b477d9a22b1253cc1dbb1/exp/smbr_ali_lat/final.mdl ark:- "ark:copy-feats scp:/home/user/linjr/auto_train/var/running_69787a52ad5b477d9a22b1253cc1dbb1/exp/data/train/split20/12/feats.scp ark:- | add-deltas --delta-order=0 ark:- ark:- | nnet-forward --ctc-blank-scale=1.0 --no-softmax=true --prior-scale=1.0 --feature-transform=/home/user/linjr/dcs_model_train_package_general_06052019_2.6.3_16k/ctc_16k_fsmn_court_resource/16k_general_wholeword_lfr/final.fe.feature_transform --class-frame-counts=/home/user/linjr/dcs_model_train_package_general_06052019_2.6.3_16k/ctc_16k_fsmn_court_resource/16k_general_wholeword_lfr/ali_train_pdf.counts --use-gpu=no /home/user/linjr/dcs_model_train_package_general_06052019_2.6.3_16k/ctc_16k_fsmn_court_resource/16k_general_wholeword_lfr/adv.model.ce.mdl ark:- ark:- |" ark,scp,f:/home/user/linjr/auto_train/var/running_69787a52ad5b477d9a22b1253cc1dbb1/exp/smbr_ali_lat/ali.12.ark,/home/user/linjr/auto_train/var/running_69787a52ad5b477d9a22b1253cc1dbb1/exp/smbr_ali_lat/ali.12.scp 
# Started at Mon Apr 12 11:21:01 CST 2021
#
compile-train-graphs-ctc /home/user/linjr/auto_train/var/running_69787a52ad5b477d9a22b1253cc1dbb1/exp/smbr_ali_lat/tree /home/user/linjr/auto_train/var/running_69787a52ad5b477d9a22b1253cc1dbb1/exp/smbr_ali_lat/final.mdl /home/user/linjr/dcs_model_train_package_general_06052019_2.6.3_16k/ctc_16k_fsmn_court_resource/16k_general_wholeword_lfr/L.fst /home/user/linjr/dcs_model_train_package_general_06052019_2.6.3_16k/ctc_16k_fsmn_court_resource/16k_general_wholeword_lfr/T.fst 'ark:utils/sym2int.pl --map-oov 1997 -f 2- /home/user/linjr/dcs_model_train_package_general_06052019_2.6.3_16k/ctc_16k_fsmn_court_resource/16k_general_wholeword_lfr/words.txt /home/user/linjr/auto_train/var/running_69787a52ad5b477d9a22b1253cc1dbb1/exp/data/train/split20/12/text|' ark:- 
align-compiled --transition-scale=1.0 --acoustic-scale=0.1 --self-loop-scale=0.1 --beam=10 --retry-beam=40 /home/user/linjr/auto_train/var/running_69787a52ad5b477d9a22b1253cc1dbb1/exp/smbr_ali_lat/final.mdl ark:- 'ark:copy-feats scp:/home/user/linjr/auto_train/var/running_69787a52ad5b477d9a22b1253cc1dbb1/exp/data/train/split20/12/feats.scp ark:- | add-deltas --delta-order=0 ark:- ark:- | nnet-forward --ctc-blank-scale=1.0 --no-softmax=true --prior-scale=1.0 --feature-transform=/home/user/linjr/dcs_model_train_package_general_06052019_2.6.3_16k/ctc_16k_fsmn_court_resource/16k_general_wholeword_lfr/final.fe.feature_transform --class-frame-counts=/home/user/linjr/dcs_model_train_package_general_06052019_2.6.3_16k/ctc_16k_fsmn_court_resource/16k_general_wholeword_lfr/ali_train_pdf.counts --use-gpu=no /home/user/linjr/dcs_model_train_package_general_06052019_2.6.3_16k/ctc_16k_fsmn_court_resource/16k_general_wholeword_lfr/adv.model.ce.mdl ark:- ark:- |' ark,scp,f:/home/user/linjr/auto_train/var/running_69787a52ad5b477d9a22b1253cc1dbb1/exp/smbr_ali_lat/ali.12.ark,/home/user/linjr/auto_train/var/running_69787a52ad5b477d9a22b1253cc1dbb1/exp/smbr_ali_lat/ali.12.scp 
copy-feats scp:/home/user/linjr/auto_train/var/running_69787a52ad5b477d9a22b1253cc1dbb1/exp/data/train/split20/12/feats.scp ark:- 
add-deltas --delta-order=0 ark:- ark:- 
nnet-forward --ctc-blank-scale=1.0 --no-softmax=true --prior-scale=1.0 --feature-transform=/home/user/linjr/dcs_model_train_package_general_06052019_2.6.3_16k/ctc_16k_fsmn_court_resource/16k_general_wholeword_lfr/final.fe.feature_transform --class-frame-counts=/home/user/linjr/dcs_model_train_package_general_06052019_2.6.3_16k/ctc_16k_fsmn_court_resource/16k_general_wholeword_lfr/ali_train_pdf.counts --use-gpu=no /home/user/linjr/dcs_model_train_package_general_06052019_2.6.3_16k/ctc_16k_fsmn_court_resource/16k_general_wholeword_lfr/adv.model.ce.mdl ark:- ark:- 
LOG (nnet-forward:SelectGpuId():cu-device.cc:114) Manually selected to compute on CPU.
LOG (nnet-forward:main():nnet-forward.cc:110) Removing <Softmax> from the nnet /home/user/linjr/dcs_model_train_package_general_06052019_2.6.3_16k/ctc_16k_fsmn_court_resource/16k_general_wholeword_lfr/adv.model.ce.mdl
LOG (nnet-forward:PdfPrior():nnet-pdf-prior.cc:34) Computing pdf-priors from : /home/user/linjr/dcs_model_train_package_general_06052019_2.6.3_16k/ctc_16k_fsmn_court_resource/16k_general_wholeword_lfr/ali_train_pdf.counts
LOG (nnet-forward:PdfPrior():nnet-pdf-prior.cc:63) Floored 0 pdf-priors (hard-set to 1.84467e+19, which disables DNN output when decoding)
WARNING (align-compiled:AlignUtteranceWrapper():decoder-wrappers.cc:566) Retrying utterance wav001_0653_ef6edd6cdf52315941d91975cc2bd382_85_0.85 with beam 40
WARNING (align-compiled:AlignUtteranceWrapper():decoder-wrappers.cc:566) Retrying utterance wav000_0782_98bb53fd8beb07f83e2e036997e240a5_210_1.1 with beam 40
WARNING (align-compiled:AlignUtteranceWrapper():decoder-wrappers.cc:566) Retrying utterance wav001_0399_65ca39c93bd4d567fe0881e9497131b7_210_1.2 with beam 40
WARNING (align-compiled:AlignUtteranceWrapper():decoder-wrappers.cc:566) Retrying utterance wav001_0085_5ca39c93bd4d567fe0881e9497131b7_260_1.15 with beam 40
WARNING (align-compiled:AlignUtteranceWrapper():decoder-wrappers.cc:566) Retrying utterance wav000_0207_fb5ba0cf85d979ac233654b7a0fbf88_160_0.75 with beam 40
WARNING (align-compiled:AlignUtteranceWrapper():decoder-wrappers.cc:575) Did not successfully decode file wav000_0207_fb5ba0cf85d979ac233654b7a0fbf88_160_0.75, len = 42
WARNING (align-compiled:AlignUtteranceWrapper():decoder-wrappers.cc:566) Retrying utterance wav001_0765_ef6edd6cdf52315941d91975cc2bd382 with beam 40
WARNING (align-compiled:AlignUtteranceWrapper():decoder-wrappers.cc:566) Retrying utterance wav000_0180_d4993ef62f986b78761a907b59d21b3_185_0.85 with beam 40
WARNING (align-compiled:AlignUtteranceWrapper():decoder-wrappers.cc:566) Retrying utterance wav001_0828__89fc46fb42287148003346bf370827ac_85_0.7 with beam 40
WARNING (align-compiled:AlignUtteranceWrapper():decoder-wrappers.cc:566) Retrying utterance wav000_0358_698db448505266abeb88b1ae4b9ec85_110_0.75 with beam 40
WARNING (align-compiled:AlignUtteranceWrapper():decoder-wrappers.cc:575) Did not successfully decode file wav000_0358_698db448505266abeb88b1ae4b9ec85_110_0.75, len = 205
LOG (compile-train-graphs-ctc:main():compile-train-graphs-ctc.cc:153) compile-train-graphs: succeeded for 162 graphs, failed for 0
LOG (copy-feats:main():copy-feats.cc:100) Copied 162 feature matrices.
WARNING (align-compiled:AlignUtteranceWrapper():decoder-wrappers.cc:566) Retrying utterance wav000_0540_670d429d9714b4cc7a21c10e105e5b99_185_0.8 with beam 40
LOG (nnet-forward:main():nnet-forward.cc:350) Done 162 files in 1.01937min, (fps 621.282)
LOG (align-compiled:main():align-compiled.cc:129) Overall log-likelihood per frame is 36.8802 over 12482 frames.
LOG (align-compiled:main():align-compiled.cc:131) Retried 10 out of 162 utterances.
LOG (align-compiled:main():align-compiled.cc:133) Done 160, errors on 2
# Accounting: time=62 threads=1
# Ended (code 0) at Mon Apr 12 11:22:03 CST 2021, elapsed time 62 seconds
