# compile-train-graphs-ctc /home/user/linjr/auto_train/var/running_69787a52ad5b477d9a22b1253cc1dbb1/exp/smbr_ali_lat/tree /home/user/linjr/auto_train/var/running_69787a52ad5b477d9a22b1253cc1dbb1/exp/smbr_ali_lat/final.mdl /home/user/linjr/dcs_model_train_package_general_06052019_2.6.3_16k/ctc_16k_fsmn_court_resource/16k_general_wholeword_lfr/L.fst /home/user/linjr/dcs_model_train_package_general_06052019_2.6.3_16k/ctc_16k_fsmn_court_resource/16k_general_wholeword_lfr/T.fst "ark:utils/sym2int.pl --map-oov 1997 -f 2- /home/user/linjr/dcs_model_train_package_general_06052019_2.6.3_16k/ctc_16k_fsmn_court_resource/16k_general_wholeword_lfr/words.txt /home/user/linjr/auto_train/var/running_69787a52ad5b477d9a22b1253cc1dbb1/exp/data/train/split20/11/text|" ark:- | align-compiled --transition-scale=1.0 --acoustic-scale=0.1 --self-loop-scale=0.1 --beam=10 --retry-beam=40 /home/user/linjr/auto_train/var/running_69787a52ad5b477d9a22b1253cc1dbb1/exp/smbr_ali_lat/final.mdl ark:- "ark:copy-feats scp:/home/user/linjr/auto_train/var/running_69787a52ad5b477d9a22b1253cc1dbb1/exp/data/train/split20/11/feats.scp ark:- | add-deltas --delta-order=0 ark:- ark:- | nnet-forward --ctc-blank-scale=1.0 --no-softmax=true --prior-scale=1.0 --feature-transform=/home/user/linjr/dcs_model_train_package_general_06052019_2.6.3_16k/ctc_16k_fsmn_court_resource/16k_general_wholeword_lfr/final.fe.feature_transform --class-frame-counts=/home/user/linjr/dcs_model_train_package_general_06052019_2.6.3_16k/ctc_16k_fsmn_court_resource/16k_general_wholeword_lfr/ali_train_pdf.counts --use-gpu=no /home/user/linjr/dcs_model_train_package_general_06052019_2.6.3_16k/ctc_16k_fsmn_court_resource/16k_general_wholeword_lfr/adv.model.ce.mdl ark:- ark:- |" ark,scp,f:/home/user/linjr/auto_train/var/running_69787a52ad5b477d9a22b1253cc1dbb1/exp/smbr_ali_lat/ali.11.ark,/home/user/linjr/auto_train/var/running_69787a52ad5b477d9a22b1253cc1dbb1/exp/smbr_ali_lat/ali.11.scp 
# Started at Mon Apr 12 11:21:01 CST 2021
#
compile-train-graphs-ctc /home/user/linjr/auto_train/var/running_69787a52ad5b477d9a22b1253cc1dbb1/exp/smbr_ali_lat/tree /home/user/linjr/auto_train/var/running_69787a52ad5b477d9a22b1253cc1dbb1/exp/smbr_ali_lat/final.mdl /home/user/linjr/dcs_model_train_package_general_06052019_2.6.3_16k/ctc_16k_fsmn_court_resource/16k_general_wholeword_lfr/L.fst /home/user/linjr/dcs_model_train_package_general_06052019_2.6.3_16k/ctc_16k_fsmn_court_resource/16k_general_wholeword_lfr/T.fst 'ark:utils/sym2int.pl --map-oov 1997 -f 2- /home/user/linjr/dcs_model_train_package_general_06052019_2.6.3_16k/ctc_16k_fsmn_court_resource/16k_general_wholeword_lfr/words.txt /home/user/linjr/auto_train/var/running_69787a52ad5b477d9a22b1253cc1dbb1/exp/data/train/split20/11/text|' ark:- 
align-compiled --transition-scale=1.0 --acoustic-scale=0.1 --self-loop-scale=0.1 --beam=10 --retry-beam=40 /home/user/linjr/auto_train/var/running_69787a52ad5b477d9a22b1253cc1dbb1/exp/smbr_ali_lat/final.mdl ark:- 'ark:copy-feats scp:/home/user/linjr/auto_train/var/running_69787a52ad5b477d9a22b1253cc1dbb1/exp/data/train/split20/11/feats.scp ark:- | add-deltas --delta-order=0 ark:- ark:- | nnet-forward --ctc-blank-scale=1.0 --no-softmax=true --prior-scale=1.0 --feature-transform=/home/user/linjr/dcs_model_train_package_general_06052019_2.6.3_16k/ctc_16k_fsmn_court_resource/16k_general_wholeword_lfr/final.fe.feature_transform --class-frame-counts=/home/user/linjr/dcs_model_train_package_general_06052019_2.6.3_16k/ctc_16k_fsmn_court_resource/16k_general_wholeword_lfr/ali_train_pdf.counts --use-gpu=no /home/user/linjr/dcs_model_train_package_general_06052019_2.6.3_16k/ctc_16k_fsmn_court_resource/16k_general_wholeword_lfr/adv.model.ce.mdl ark:- ark:- |' ark,scp,f:/home/user/linjr/auto_train/var/running_69787a52ad5b477d9a22b1253cc1dbb1/exp/smbr_ali_lat/ali.11.ark,/home/user/linjr/auto_train/var/running_69787a52ad5b477d9a22b1253cc1dbb1/exp/smbr_ali_lat/ali.11.scp 
copy-feats scp:/home/user/linjr/auto_train/var/running_69787a52ad5b477d9a22b1253cc1dbb1/exp/data/train/split20/11/feats.scp ark:- 
add-deltas --delta-order=0 ark:- ark:- 
nnet-forward --ctc-blank-scale=1.0 --no-softmax=true --prior-scale=1.0 --feature-transform=/home/user/linjr/dcs_model_train_package_general_06052019_2.6.3_16k/ctc_16k_fsmn_court_resource/16k_general_wholeword_lfr/final.fe.feature_transform --class-frame-counts=/home/user/linjr/dcs_model_train_package_general_06052019_2.6.3_16k/ctc_16k_fsmn_court_resource/16k_general_wholeword_lfr/ali_train_pdf.counts --use-gpu=no /home/user/linjr/dcs_model_train_package_general_06052019_2.6.3_16k/ctc_16k_fsmn_court_resource/16k_general_wholeword_lfr/adv.model.ce.mdl ark:- ark:- 
LOG (nnet-forward:SelectGpuId():cu-device.cc:114) Manually selected to compute on CPU.
LOG (nnet-forward:main():nnet-forward.cc:110) Removing <Softmax> from the nnet /home/user/linjr/dcs_model_train_package_general_06052019_2.6.3_16k/ctc_16k_fsmn_court_resource/16k_general_wholeword_lfr/adv.model.ce.mdl
LOG (nnet-forward:PdfPrior():nnet-pdf-prior.cc:34) Computing pdf-priors from : /home/user/linjr/dcs_model_train_package_general_06052019_2.6.3_16k/ctc_16k_fsmn_court_resource/16k_general_wholeword_lfr/ali_train_pdf.counts
LOG (nnet-forward:PdfPrior():nnet-pdf-prior.cc:63) Floored 0 pdf-priors (hard-set to 1.84467e+19, which disables DNN output when decoding)
WARNING (align-compiled:AlignUtteranceWrapper():decoder-wrappers.cc:566) Retrying utterance wav001_0268_670d429d9714b4cc7a21c10e105e5b99 with beam 40
WARNING (align-compiled:AlignUtteranceWrapper():decoder-wrappers.cc:566) Retrying utterance wav000_0935_70d429d9714b4cc7a21c10e105e5b99_160_0.75 with beam 40
WARNING (align-compiled:AlignUtteranceWrapper():decoder-wrappers.cc:566) Retrying utterance wav001_0218__bfeffce8d314c516c65393978b0b212b_85_0.7 with beam 40
WARNING (align-compiled:AlignUtteranceWrapper():decoder-wrappers.cc:575) Did not successfully decode file wav001_0218__bfeffce8d314c516c65393978b0b212b_85_0.7, len = 205
WARNING (align-compiled:AlignUtteranceWrapper():decoder-wrappers.cc:566) Retrying utterance wav000_0676_d4993ef62f986b78761a907b59d21b3_210_1.15 with beam 40
WARNING (align-compiled:AlignUtteranceWrapper():decoder-wrappers.cc:566) Retrying utterance wav001_0058_ddb63f72e46b780abf20917c11277ba_260_1.15 with beam 40
WARNING (align-compiled:AlignUtteranceWrapper():decoder-wrappers.cc:566) Retrying utterance wav001_0329__7ecdba515dc170cd1fc3b5db5baac112_85_0.7 with beam 40
WARNING (align-compiled:AlignUtteranceWrapper():decoder-wrappers.cc:566) Retrying utterance wav000_0148_82b7af042a481b26cd9467706c386c7_110_0.75 with beam 40
WARNING (align-compiled:AlignUtteranceWrapper():decoder-wrappers.cc:566) Retrying utterance wav001_0186_fb5ba0cf85d979ac233654b7a0fbf88_285_1.15 with beam 40
WARNING (align-compiled:AlignUtteranceWrapper():decoder-wrappers.cc:575) Did not successfully decode file wav001_0186_fb5ba0cf85d979ac233654b7a0fbf88_285_1.15, len = 42
LOG (compile-train-graphs-ctc:main():compile-train-graphs-ctc.cc:153) compile-train-graphs: succeeded for 162 graphs, failed for 0
WARNING (align-compiled:AlignUtteranceWrapper():decoder-wrappers.cc:566) Retrying utterance wav000_0865_7ecdba515dc170cd1fc3b5db5baac112_210_1.1 with beam 40
LOG (copy-feats:main():copy-feats.cc:100) Copied 162 feature matrices.
LOG (nnet-forward:main():nnet-forward.cc:350) Done 162 files in 0.998151min, (fps 664.412)
LOG (align-compiled:main():align-compiled.cc:129) Overall log-likelihood per frame is 37.0452 over 13076 frames.
LOG (align-compiled:main():align-compiled.cc:131) Retried 9 out of 162 utterances.
LOG (align-compiled:main():align-compiled.cc:133) Done 160, errors on 2
# Accounting: time=61 threads=1
# Ended (code 0) at Mon Apr 12 11:22:02 CST 2021, elapsed time 61 seconds
