# latgen-faster --acoustic-scale=1.0 --beam=17 --lattice-beam=10 --max-mem=20000000 --max-active=5000 --word-symbol-table=/home/user/linjr/dcs_model_train_package_general_06052019_2.6.3_16k/ctc_16k_fsmn_court_resource/16k_general_wholeword_lfr/words.txt /home/user/linjr/auto_train/var/running_69787a52ad5b477d9a22b1253cc1dbb1/exp/smbr_ali_lat/final.mdl /home/user/linjr/dcs_model_train_package_general_06052019_2.6.3_16k/ctc_16k_fsmn_court_resource/16k_general_wholeword_lfr/HCLG.fst "ark:copy-feats scp:/home/user/linjr/auto_train/var/running_69787a52ad5b477d9a22b1253cc1dbb1/exp/data/train/split20/19/feats.scp ark:- | add-deltas --delta-order=0 ark:- ark:- | nnet-forward --ctc-blank-scale=1.0 --no-softmax=true --prior-scale=1.0 --feature-transform=/home/user/linjr/dcs_model_train_package_general_06052019_2.6.3_16k/ctc_16k_fsmn_court_resource/16k_general_wholeword_lfr/final.fe.feature_transform --class-frame-counts=/home/user/linjr/dcs_model_train_package_general_06052019_2.6.3_16k/ctc_16k_fsmn_court_resource/16k_general_wholeword_lfr/ali_train_pdf.counts --use-gpu=no /home/user/linjr/dcs_model_train_package_general_06052019_2.6.3_16k/ctc_16k_fsmn_court_resource/16k_general_wholeword_lfr/adv.model.ce.mdl ark:- ark:- |" ark,scp,f:/home/user/linjr/auto_train/var/running_69787a52ad5b477d9a22b1253cc1dbb1/exp/smbr_ali_lat/lat.19.ark,/home/user/linjr/auto_train/var/running_69787a52ad5b477d9a22b1253cc1dbb1/exp/smbr_ali_lat/lat.19.scp 
# Started at Mon Apr 12 11:22:09 CST 2021
#
latgen-faster --acoustic-scale=1.0 --beam=17 --lattice-beam=10 --max-mem=20000000 --max-active=5000 --word-symbol-table=/home/user/linjr/dcs_model_train_package_general_06052019_2.6.3_16k/ctc_16k_fsmn_court_resource/16k_general_wholeword_lfr/words.txt /home/user/linjr/auto_train/var/running_69787a52ad5b477d9a22b1253cc1dbb1/exp/smbr_ali_lat/final.mdl /home/user/linjr/dcs_model_train_package_general_06052019_2.6.3_16k/ctc_16k_fsmn_court_resource/16k_general_wholeword_lfr/HCLG.fst 'ark:copy-feats scp:/home/user/linjr/auto_train/var/running_69787a52ad5b477d9a22b1253cc1dbb1/exp/data/train/split20/19/feats.scp ark:- | add-deltas --delta-order=0 ark:- ark:- | nnet-forward --ctc-blank-scale=1.0 --no-softmax=true --prior-scale=1.0 --feature-transform=/home/user/linjr/dcs_model_train_package_general_06052019_2.6.3_16k/ctc_16k_fsmn_court_resource/16k_general_wholeword_lfr/final.fe.feature_transform --class-frame-counts=/home/user/linjr/dcs_model_train_package_general_06052019_2.6.3_16k/ctc_16k_fsmn_court_resource/16k_general_wholeword_lfr/ali_train_pdf.counts --use-gpu=no /home/user/linjr/dcs_model_train_package_general_06052019_2.6.3_16k/ctc_16k_fsmn_court_resource/16k_general_wholeword_lfr/adv.model.ce.mdl ark:- ark:- |' ark,scp,f:/home/user/linjr/auto_train/var/running_69787a52ad5b477d9a22b1253cc1dbb1/exp/smbr_ali_lat/lat.19.ark,/home/user/linjr/auto_train/var/running_69787a52ad5b477d9a22b1253cc1dbb1/exp/smbr_ali_lat/lat.19.scp 
copy-feats scp:/home/user/linjr/auto_train/var/running_69787a52ad5b477d9a22b1253cc1dbb1/exp/data/train/split20/19/feats.scp ark:- 
add-deltas --delta-order=0 ark:- ark:- 
nnet-forward --ctc-blank-scale=1.0 --no-softmax=true --prior-scale=1.0 --feature-transform=/home/user/linjr/dcs_model_train_package_general_06052019_2.6.3_16k/ctc_16k_fsmn_court_resource/16k_general_wholeword_lfr/final.fe.feature_transform --class-frame-counts=/home/user/linjr/dcs_model_train_package_general_06052019_2.6.3_16k/ctc_16k_fsmn_court_resource/16k_general_wholeword_lfr/ali_train_pdf.counts --use-gpu=no /home/user/linjr/dcs_model_train_package_general_06052019_2.6.3_16k/ctc_16k_fsmn_court_resource/16k_general_wholeword_lfr/adv.model.ce.mdl ark:- ark:- 
LOG (nnet-forward:SelectGpuId():cu-device.cc:114) Manually selected to compute on CPU.
LOG (nnet-forward:main():nnet-forward.cc:110) Removing <Softmax> from the nnet /home/user/linjr/dcs_model_train_package_general_06052019_2.6.3_16k/ctc_16k_fsmn_court_resource/16k_general_wholeword_lfr/adv.model.ce.mdl
LOG (nnet-forward:PdfPrior():nnet-pdf-prior.cc:34) Computing pdf-priors from : /home/user/linjr/dcs_model_train_package_general_06052019_2.6.3_16k/ctc_16k_fsmn_court_resource/16k_general_wholeword_lfr/ali_train_pdf.counts
LOG (nnet-forward:PdfPrior():nnet-pdf-prior.cc:63) Floored 0 pdf-priors (hard-set to 1.84467e+19, which disables DNN output when decoding)
wav000_0910_a6450f0fd0f13d0b8411b6a0b526ffea_110_0.8 并 
LOG (latgen-faster:DecodeUtteranceLatticeFaster():decoder-wrappers.cc:383) Log-like per frame for utterance wav000_0910_a6450f0fd0f13d0b8411b6a0b526ffea_110_0.8 is 38.2097 over 27 frames.
wav000_0186_694ec22cf6e22b1a37e2a08895c615c2_185_0.8 就是 在 没有 鉴定 的 情况下 主观 是 先 先 判定 我们的 病历 材料 篡改 
LOG (latgen-faster:DecodeUtteranceLatticeFaster():decoder-wrappers.cc:383) Log-like per frame for utterance wav000_0186_694ec22cf6e22b1a37e2a08895c615c2_185_0.8 is 40.2114 over 205 frames.
wav000_0016_b89d0b79549439a64b0bdcd3123e9488_85_0.75 创 赌 人员 
LOG (latgen-faster:DecodeUtteranceLatticeFaster():decoder-wrappers.cc:383) Log-like per frame for utterance wav000_0016_b89d0b79549439a64b0bdcd3123e9488_85_0.75 is 35.143 over 46 frames.
wav001_0762_3aafcba5a13328180a8650914f4c138e_235_1.2 知道 
LOG (latgen-faster:DecodeUtteranceLatticeFaster():decoder-wrappers.cc:383) Log-like per frame for utterance wav001_0762_3aafcba5a13328180a8650914f4c138e_235_1.2 is 40.9752 over 41 frames.
wav000_0294_228b1e8d7e70a60f238157fa6cdaa44_285_1.25 那么 丰富 是你 是 
LOG (latgen-faster:DecodeUtteranceLatticeFaster():decoder-wrappers.cc:383) Log-like per frame for utterance wav000_0294_228b1e8d7e70a60f238157fa6cdaa44_285_1.25 is 31.9757 over 71 frames.
wav000_0846_c5b273922a590ce041c2bbe119872a8_260_1.15 为 士官 的 名字 
LOG (latgen-faster:DecodeUtteranceLatticeFaster():decoder-wrappers.cc:383) Log-like per frame for utterance wav000_0846_c5b273922a590ce041c2bbe119872a8_260_1.15 is 39.7911 over 47 frames.
wav001_0337_087af31695cab29d45e6e5ca7a6e32bf_285_1.2 啊 就 否认 识 不认 识 张文斌 不认 识 长 
LOG (latgen-faster:DecodeUtteranceLatticeFaster():decoder-wrappers.cc:383) Log-like per frame for utterance wav001_0337_087af31695cab29d45e6e5ca7a6e32bf_285_1.2 is 35.689 over 112 frames.
wav001_0602_46d4006afeb636e07e4383e18df42af_285_1.25 支付 两万 
LOG (latgen-faster:DecodeUtteranceLatticeFaster():decoder-wrappers.cc:383) Log-like per frame for utterance wav001_0602_46d4006afeb636e07e4383e18df42af_285_1.25 is 43.2493 over 43 frames.
wav000_0004_e7bfa612e0f09e847feb076233627ec8_210_1.1 不 我 事先 知道 我也 不会 去 
LOG (latgen-faster:DecodeUtteranceLatticeFaster():decoder-wrappers.cc:383) Log-like per frame for utterance wav000_0004_e7bfa612e0f09e847feb076233627ec8_210_1.1 is 37.8556 over 90 frames.
wav001_0114_fe031d37e37dab57fbaad548cc89737f_185_0.9 那个 你是不是 你 
LOG (latgen-faster:DecodeUtteranceLatticeFaster():decoder-wrappers.cc:383) Log-like per frame for utterance wav001_0114_fe031d37e37dab57fbaad548cc89737f_185_0.9 is 42.1091 over 54 frames.
wav000_0578_15c193b3dfd4148e447837439f630834_285_1.1 上诉 请求 及事 实理 
LOG (latgen-faster:DecodeUtteranceLatticeFaster():decoder-wrappers.cc:383) Log-like per frame for utterance wav000_0578_15c193b3dfd4148e447837439f630834_285_1.1 is 37.1832 over 71 frames.
wav000_0567_af9aec492331a6ac836b7f9437fe6fa_210_1.25 我 先 补充 一点 关于 二审 也 买的 那个 
LOG (latgen-faster:DecodeUtteranceLatticeFaster():decoder-wrappers.cc:383) Log-like per frame for utterance wav000_0567_af9aec492331a6ac836b7f9437fe6fa_210_1.25 is 34.5794 over 96 frames.
wav000_0300_4b2f3ce3dc63830654d486806867517c_160_0.7 一审 不是 有 提供 不实 证 
LOG (latgen-faster:DecodeUtteranceLatticeFaster():decoder-wrappers.cc:383) Log-like per frame for utterance wav000_0300_4b2f3ce3dc63830654d486806867517c_160_0.7 is 35.3142 over 92 frames.
wav000_0105_649c999052d2625a6edbfabc3daaf773_160_0.8 嗯 就 一 楼 的 水 遗漏 查明 对 对账单 中 却 认定 
LOG (latgen-faster:DecodeUtteranceLatticeFaster():decoder-wrappers.cc:383) Log-like per frame for utterance wav000_0105_649c999052d2625a6edbfabc3daaf773_160_0.8 is 35.4596 over 141 frames.
wav000_0389_87af31695cab29d45e6e5ca7a6e32bf_260_1.15 而且 否认 识 不认 识 张文斌 不认 识 长 
LOG (latgen-faster:DecodeUtteranceLatticeFaster():decoder-wrappers.cc:383) Log-like per frame for utterance wav000_0389_87af31695cab29d45e6e5ca7a6e32bf_260_1.15 is 37.0343 over 112 frames.
wav001_0462_eb575f98403c909aa0dab27aa1f52f02_260_1.2 以 中铁 公司 的 名义 
LOG (latgen-faster:DecodeUtteranceLatticeFaster():decoder-wrappers.cc:383) Log-like per frame for utterance wav001_0462_eb575f98403c909aa0dab27aa1f52f02_260_1.2 is 40.6823 over 67 frames.
wav000_0103_7f5479b87f3d6f32e5ba291d58d434c_210_1.15 嗯 你 肯定 要 交 了 
LOG (latgen-faster:DecodeUtteranceLatticeFaster():decoder-wrappers.cc:383) Log-like per frame for utterance wav000_0103_7f5479b87f3d6f32e5ba291d58d434c_210_1.15 is 35.3252 over 88 frames.
wav001_0287_3fc3153cb1b50dd4471e402ea1bf608_160_0.85 他 保持 你 管你 你 只是 在 指定 规章 考核 的 是在 制度 
LOG (latgen-faster:DecodeUtteranceLatticeFaster():decoder-wrappers.cc:383) Log-like per frame for utterance wav001_0287_3fc3153cb1b50dd4471e402ea1bf608_160_0.85 is 34.2227 over 195 frames.
wav000_0759_db65f72461c71fd5e577a46974d925da_160_0.9 没没 联系 上 就是 支付宝 这 转 走 那 几天 联系 的 
LOG (latgen-faster:DecodeUtteranceLatticeFaster():decoder-wrappers.cc:383) Log-like per frame for utterance wav000_0759_db65f72461c71fd5e577a46974d925da_160_0.9 is 39.0118 over 129 frames.
wav001_0410_b8346fd58f00a5d9d1863ae741b5d0a2_160_0.9 那你 知道 你知道不知道 这个 李伟 涨 多少 股份 呢 
LOG (latgen-faster:DecodeUtteranceLatticeFaster():decoder-wrappers.cc:383) Log-like per frame for utterance wav001_0410_b8346fd58f00a5d9d1863ae741b5d0a2_160_0.9 is 41.6444 over 145 frames.
wav001_0506_e78346115e35db5b090455dbbef949f_135_0.75 嗯 均 已经超过 
LOG (latgen-faster:DecodeUtteranceLatticeFaster():decoder-wrappers.cc:383) Log-like per frame for utterance wav001_0506_e78346115e35db5b090455dbbef949f_135_0.75 is 33.0938 over 67 frames.
wav000_0808_aa1d51abfc038dbcd7abbb878e41c7a_160_0.85 闽 零八 零二 明初 
LOG (latgen-faster:DecodeUtteranceLatticeFaster():decoder-wrappers.cc:383) Log-like per frame for utterance wav000_0808_aa1d51abfc038dbcd7abbb878e41c7a_160_0.85 is 43.6688 over 81 frames.
wav001_0171_06fc2234ee54ab285dcd4bdc027414d_185_0.85 完全 是 不符合 法定 的 这个 
LOG (latgen-faster:DecodeUtteranceLatticeFaster():decoder-wrappers.cc:383) Log-like per frame for utterance wav001_0171_06fc2234ee54ab285dcd4bdc027414d_185_0.85 is 31.9346 over 64 frames.
wav000_0762_649c999052d2625a6edbfabc3daaf773_235_1.1 嗯 就 一 楼 一审 遗漏 查明 对 对账单 的 认定 啊 
LOG (latgen-faster:DecodeUtteranceLatticeFaster():decoder-wrappers.cc:383) Log-like per frame for utterance wav000_0762_649c999052d2625a6edbfabc3daaf773_235_1.1 is 36.2635 over 141 frames.
wav000_0249_84cb68ae21b992d95df611152571a3f3_210_1.1 原告 一 
LOG (latgen-faster:DecodeUtteranceLatticeFaster():decoder-wrappers.cc:383) Log-like per frame for utterance wav000_0249_84cb68ae21b992d95df611152571a3f3_210_1.1 is 26.1109 over 21 frames.
wav000_0342_94ec22cf6e22b1a37e2a08895c615c2_310_1.45 谢谢 在 没有 鉴定 的 情况下 属 关系 先 先 判 中 我们的 病历 材料 串 的 
LOG (latgen-faster:DecodeUtteranceLatticeFaster():decoder-wrappers.cc:383) Log-like per frame for utterance wav000_0342_94ec22cf6e22b1a37e2a08895c615c2_310_1.45 is 37.1501 over 205 frames.
wav000_0299_73e6501cf2fab36ab123599a52ab93e7_85_0.85 有一个 的 一 户 连 乘 十二 嗯 对于 互联 诚实 啊 
LOG (latgen-faster:DecodeUtteranceLatticeFaster():decoder-wrappers.cc:383) Log-like per frame for utterance wav000_0299_73e6501cf2fab36ab123599a52ab93e7_85_0.85 is 37.068 over 125 frames.
wav001_0576_e78346115e35db5b090455dbbef949f_310_1.35 至今 已经 仓库 
LOG (latgen-faster:DecodeUtteranceLatticeFaster():decoder-wrappers.cc:383) Log-like per frame for utterance wav001_0576_e78346115e35db5b090455dbbef949f_310_1.35 is 35.3978 over 67 frames.
wav001_0038_02df136f66ba013d5eb435dd830161b_260_1.25 这个 账户 呢 
LOG (latgen-faster:DecodeUtteranceLatticeFaster():decoder-wrappers.cc:383) Log-like per frame for utterance wav001_0038_02df136f66ba013d5eb435dd830161b_260_1.25 is 40.7892 over 37 frames.
wav000_0298_b15bd6c962ea18ab2370b2d20da298a2_110_0.9 本案 的 被上诉人 向 法庭 提供了 相关 的 证据 
LOG (latgen-faster:DecodeUtteranceLatticeFaster():decoder-wrappers.cc:383) Log-like per frame for utterance wav000_0298_b15bd6c962ea18ab2370b2d20da298a2_110_0.9 is 40.257 over 135 frames.
wav000_0775_f3316e1e920f69af08138f792caa0d4_210_1.15 那你 你是 否认 罪 
LOG (latgen-faster:DecodeUtteranceLatticeFaster():decoder-wrappers.cc:383) Log-like per frame for utterance wav000_0775_f3316e1e920f69af08138f792caa0d4_210_1.15 is 40.0398 over 62 frames.
wav000_0438_91402aefe6dd451d5900f698747a64a3_185_0.9 那么 你的 最后一次 的 还款 是 
LOG (latgen-faster:DecodeUtteranceLatticeFaster():decoder-wrappers.cc:383) Log-like per frame for utterance wav000_0438_91402aefe6dd451d5900f698747a64a3_185_0.9 is 33.6371 over 85 frames.
wav000_0775_8c9df9298ffaa9863cc18de2f1154c16 后面 
LOG (latgen-faster:DecodeUtteranceLatticeFaster():decoder-wrappers.cc:383) Log-like per frame for utterance wav000_0775_8c9df9298ffaa9863cc18de2f1154c16 is 26.8161 over 26 frames.
wav001_0052_49c999052d2625a6edbfabc3daaf773_110_0.85 嗯 就 一 楼 一审 遗漏 查明 对 对账单 的 认定 的 吧 
LOG (latgen-faster:DecodeUtteranceLatticeFaster():decoder-wrappers.cc:383) Log-like per frame for utterance wav001_0052_49c999052d2625a6edbfabc3daaf773_110_0.85 is 36.0983 over 141 frames.
wav001_0563_0de74b1a871896ba2d0db863d7d7cdd4_110_0.9 具体 的 就是 对他 这个 鉴定书 里面 
LOG (latgen-faster:DecodeUtteranceLatticeFaster():decoder-wrappers.cc:383) Log-like per frame for utterance wav001_0563_0de74b1a871896ba2d0db863d7d7cdd4_110_0.9 is 35.4396 over 108 frames.
wav001_0927_3ee6fd49f49fa72f4d54d4d7a3810c0e_285_1.2 啊 所以 合同 解除 条件 
LOG (latgen-faster:DecodeUtteranceLatticeFaster():decoder-wrappers.cc:383) Log-like per frame for utterance wav001_0927_3ee6fd49f49fa72f4d54d4d7a3810c0e_285_1.2 is 38.9756 over 68 frames.
wav001_0552_b575f98403c909aa0dab27aa1f52f02_135_0.75 与 中铁 公司 的 名义 
LOG (latgen-faster:DecodeUtteranceLatticeFaster():decoder-wrappers.cc:383) Log-like per frame for utterance wav001_0552_b575f98403c909aa0dab27aa1f52f02_135_0.75 is 40.2097 over 67 frames.
wav000_0638_f36e1a575f6b5dc7cad2652bc7d2af4_285_1.15 张良 十四 万多 吗 
LOG (latgen-faster:DecodeUtteranceLatticeFaster():decoder-wrappers.cc:383) Log-like per frame for utterance wav000_0638_f36e1a575f6b5dc7cad2652bc7d2af4_285_1.15 is 36.3831 over 66 frames.
wav000_0330_89bb858155b27dd0275aaf625eea89e_160_0.75 都 明确 规定 了 相应 的 上下班 制度 值班 制度 
LOG (latgen-faster:DecodeUtteranceLatticeFaster():decoder-wrappers.cc:383) Log-like per frame for utterance wav000_0330_89bb858155b27dd0275aaf625eea89e_160_0.75 is 39.0092 over 137 frames.
wav000_0872_6fc0e0b661c6f1dd978af5ca04953a41_110_0.8 就 
LOG (latgen-faster:DecodeUtteranceLatticeFaster():decoder-wrappers.cc:383) Log-like per frame for utterance wav000_0872_6fc0e0b661c6f1dd978af5ca04953a41_110_0.8 is 41.8454 over 28 frames.
wav000_0235_e156af8ccb27232b3070cd9d9a451bcf_285_1.2 不认 为 
LOG (latgen-faster:DecodeUtteranceLatticeFaster():decoder-wrappers.cc:383) Log-like per frame for utterance wav000_0235_e156af8ccb27232b3070cd9d9a451bcf_285_1.2 is 41.2105 over 36 frames.
wav000_0996_2a057776266f6fc52e786cd03d6220a_285_1.15 再说 大便 
LOG (latgen-faster:DecodeUtteranceLatticeFaster():decoder-wrappers.cc:383) Log-like per frame for utterance wav000_0996_2a057776266f6fc52e786cd03d6220a_285_1.15 is 29.1439 over 55 frames.
wav001_0134_dba7e373eb75ed133894248a35969439_235_1.2 材料 的 
LOG (latgen-faster:DecodeUtteranceLatticeFaster():decoder-wrappers.cc:383) Log-like per frame for utterance wav001_0134_dba7e373eb75ed133894248a35969439_235_1.2 is 41.5544 over 36 frames.
wav001_0095_2a53c560ffe1d85866ec08e3e0161100 之间 签订 的 
LOG (latgen-faster:DecodeUtteranceLatticeFaster():decoder-wrappers.cc:383) Log-like per frame for utterance wav001_0095_2a53c560ffe1d85866ec08e3e0161100 is 36.9271 over 44 frames.
wav000_0937_046482ffb2d5770ead19409c7cd610c6 嗯 嗯嗯 
LOG (latgen-faster:DecodeUtteranceLatticeFaster():decoder-wrappers.cc:383) Log-like per frame for utterance wav000_0937_046482ffb2d5770ead19409c7cd610c6 is 47.7319 over 31 frames.
wav000_0680_6f1612c6cefc11bcf166c8b194bf5fdc_210_1.2 审查 这个 案件 
LOG (latgen-faster:DecodeUtteranceLatticeFaster():decoder-wrappers.cc:383) Log-like per frame for utterance wav000_0680_6f1612c6cefc11bcf166c8b194bf5fdc_210_1.2 is 39.3081 over 53 frames.
wav000_0324_dba7e373eb75ed133894248a35969439 材料 的 
LOG (latgen-faster:DecodeUtteranceLatticeFaster():decoder-wrappers.cc:383) Log-like per frame for utterance wav000_0324_dba7e373eb75ed133894248a35969439 is 42.1897 over 36 frames.
wav000_0051_34a10832610fcceca9c474a21c756b8_110_0.85 那你 这个 家 讲 这个 是 他 公司 占有 一直 给你的 还有 情况 当时 怎么会 拿到 你的手 
LOG (latgen-faster:DecodeUtteranceLatticeFaster():decoder-wrappers.cc:383) Log-like per frame for utterance wav000_0051_34a10832610fcceca9c474a21c756b8_110_0.85 is 38.0204 over 205 frames.
wav001_0856_6f5c5ce8bec39fca63797e4496c50f31 根据 本 院 送达 证 体现 在 二零 
LOG (latgen-faster:DecodeUtteranceLatticeFaster():decoder-wrappers.cc:383) Log-like per frame for utterance wav001_0856_6f5c5ce8bec39fca63797e4496c50f31 is 40.5415 over 104 frames.
wav001_0253_f25fd8ac34ff94b779473d100aea97b8_135_0.9 告诉你 清楚 告诉 明 
LOG (latgen-faster:DecodeUtteranceLatticeFaster():decoder-wrappers.cc:383) Log-like per frame for utterance wav001_0253_f25fd8ac34ff94b779473d100aea97b8_135_0.9 is 35.3469 over 78 frames.
wav000_0946_c7b50c3b08a786e49e97cb7ac0211ed_110_0.85 怎么 知道 这 
LOG (latgen-faster:DecodeUtteranceLatticeFaster():decoder-wrappers.cc:383) Log-like per frame for utterance wav000_0946_c7b50c3b08a786e49e97cb7ac0211ed_110_0.85 is 33.0584 over 42 frames.
wav001_0348_807e003d9c178ac10d0abb2436180295 相关 的 出让 合同 体现 的 是 平等 民事 主体 的 法律关系 
LOG (latgen-faster:DecodeUtteranceLatticeFaster():decoder-wrappers.cc:383) Log-like per frame for utterance wav001_0348_807e003d9c178ac10d0abb2436180295 is 37.8255 over 122 frames.
wav000_0132_3baeba4480cb0a3f9d8a933cb7020056 这个 第一 
LOG (latgen-faster:DecodeUtteranceLatticeFaster():decoder-wrappers.cc:383) Log-like per frame for utterance wav000_0132_3baeba4480cb0a3f9d8a933cb7020056 is 34.087 over 20 frames.
wav000_0482_09c7ac3b18924f936039dcef3718af12_210_1.2 就 没有 
LOG (latgen-faster:DecodeUtteranceLatticeFaster():decoder-wrappers.cc:383) Log-like per frame for utterance wav000_0482_09c7ac3b18924f936039dcef3718af12_210_1.2 is 38.002 over 33 frames.
wav000_0780_e78346115e35db5b090455dbbef949f_285_1.25 丝巾 已经 收 不 
LOG (latgen-faster:DecodeUtteranceLatticeFaster():decoder-wrappers.cc:383) Log-like per frame for utterance wav000_0780_e78346115e35db5b090455dbbef949f_285_1.25 is 36.4208 over 67 frames.
wav001_0236_821950ecd8fec2f813cf30e26c62aec_310_1.45 啊 就是 碳化 碳化 珪 这个 呢 其实 
LOG (latgen-faster:DecodeUtteranceLatticeFaster():decoder-wrappers.cc:383) Log-like per frame for utterance wav001_0236_821950ecd8fec2f813cf30e26c62aec_310_1.45 is 35.4548 over 114 frames.
wav001_0621_332083ecdefbf22c73f0463636db5f15_110_0.7 二零一三年 六月 二日 刑满释放 二零一五年 七月 十日 因 放放 
LOG (latgen-faster:DecodeUtteranceLatticeFaster():decoder-wrappers.cc:383) Log-like per frame for utterance wav001_0621_332083ecdefbf22c73f0463636db5f15_110_0.7 is 39.5188 over 205 frames.
wav000_0981_01bf215e4cbc62707b412adc31564a75_160_0.9 无关 
LOG (latgen-faster:DecodeUtteranceLatticeFaster():decoder-wrappers.cc:383) Log-like per frame for utterance wav000_0981_01bf215e4cbc62707b412adc31564a75_160_0.9 is 38.6513 over 26 frames.
wav001_0427_f9f7c043c6b1bdfe79701f42c9fdf617_260_1.2 不 奇怪 了 这 
LOG (latgen-faster:DecodeUtteranceLatticeFaster():decoder-wrappers.cc:383) Log-like per frame for utterance wav001_0427_f9f7c043c6b1bdfe79701f42c9fdf617_260_1.2 is 32.6326 over 49 frames.
wav001_0509_c8d3aa43d1b8d34c6d3afd296b2e243_185_0.85 妹子 你 认识 吧 
LOG (latgen-faster:DecodeUtteranceLatticeFaster():decoder-wrappers.cc:383) Log-like per frame for utterance wav001_0509_c8d3aa43d1b8d34c6d3afd296b2e243_185_0.85 is 34.1113 over 47 frames.
wav000_0879_6f022228fab2dad76aee14994dc8637a_210_1.1 对 这个 
LOG (latgen-faster:DecodeUtteranceLatticeFaster():decoder-wrappers.cc:383) Log-like per frame for utterance wav000_0879_6f022228fab2dad76aee14994dc8637a_210_1.1 is 48.7265 over 44 frames.
wav001_0016_c1984eab3265e50feb79c0669110c1b8_285_1.2 我 先 问 一下 啊 
LOG (latgen-faster:DecodeUtteranceLatticeFaster():decoder-wrappers.cc:383) Log-like per frame for utterance wav001_0016_c1984eab3265e50feb79c0669110c1b8_285_1.2 is 41.1316 over 46 frames.
wav000_0150_671c00a76caea05a61d57fa92292942_110_0.75 涉及到 行政 单位 机构改革 之前 之前 的 玻璃 跟 这个 呃 相关 机构 
LOG (latgen-faster:DecodeUtteranceLatticeFaster():decoder-wrappers.cc:383) Log-like per frame for utterance wav000_0150_671c00a76caea05a61d57fa92292942_110_0.75 is 33.5096 over 205 frames.
wav000_0305_7d88bcc91894d79cf1ef9a03d3c52a50_110_0.9 证据 
LOG (latgen-faster:DecodeUtteranceLatticeFaster():decoder-wrappers.cc:383) Log-like per frame for utterance wav000_0305_7d88bcc91894d79cf1ef9a03d3c52a50_110_0.9 is 32.3816 over 23 frames.
wav000_0325_a036e9f9e833d5579ed45f1617d7b87a_110_0.7 所以 被告 
LOG (latgen-faster:DecodeUtteranceLatticeFaster():decoder-wrappers.cc:383) Log-like per frame for utterance wav000_0325_a036e9f9e833d5579ed45f1617d7b87a_110_0.7 is 36.7222 over 41 frames.
wav000_0637_ef2be164ac37fdb269e2eb88aed08dc_210_1.15 哦 
LOG (latgen-faster:DecodeUtteranceLatticeFaster():decoder-wrappers.cc:383) Log-like per frame for utterance wav000_0637_ef2be164ac37fdb269e2eb88aed08dc_210_1.15 is 47.7829 over 27 frames.
wav000_0957_1af9aec492331a6ac836b7f9437fe6fa 我 先 补充 一点 关于 es 编码 的 那个 
LOG (latgen-faster:DecodeUtteranceLatticeFaster():decoder-wrappers.cc:383) Log-like per frame for utterance wav000_0957_1af9aec492331a6ac836b7f9437fe6fa is 40.0787 over 96 frames.
wav001_0110_bd38938fb1542063c576bd21edf6b33_310_1.45 哎呀 
LOG (latgen-faster:DecodeUtteranceLatticeFaster():decoder-wrappers.cc:383) Log-like per frame for utterance wav001_0110_bd38938fb1542063c576bd21edf6b33_310_1.45 is 38.3894 over 26 frames.
wav001_0820_c1d94d0bc2686b5e2c44bb10327dfc36_85_0.85 事故 发生 后 
LOG (latgen-faster:DecodeUtteranceLatticeFaster():decoder-wrappers.cc:383) Log-like per frame for utterance wav001_0820_c1d94d0bc2686b5e2c44bb10327dfc36_85_0.85 is 30.6889 over 50 frames.
wav000_0542_eddf12342eb4135b6548d52d856556b_310_1.45 明 的 最大 的哥 哥 和 弧度 啊 
LOG (latgen-faster:DecodeUtteranceLatticeFaster():decoder-wrappers.cc:383) Log-like per frame for utterance wav000_0542_eddf12342eb4135b6548d52d856556b_310_1.45 is 30.0921 over 83 frames.
wav000_0825_340a54151f0a07fdbf1dda797547cdfc_185_0.9 嗯 
LOG (latgen-faster:DecodeUtteranceLatticeFaster():decoder-wrappers.cc:383) Log-like per frame for utterance wav000_0825_340a54151f0a07fdbf1dda797547cdfc_185_0.9 is 36.469 over 38 frames.
wav000_0408_ecdba515dc170cd1fc3b5db5baac112_110_0.85 是 碰到 大 的 鼻子 是 流血 了 没错 但 不是说 我要 去 打 他 大臣 他 那样 子 你 鼻子 流血 
LOG (latgen-faster:DecodeUtteranceLatticeFaster():decoder-wrappers.cc:383) Log-like per frame for utterance wav000_0408_ecdba515dc170cd1fc3b5db5baac112_110_0.85 is 38.2173 over 205 frames.
wav000_0250_32cbe2fc22b1e96b76016304ecbc8ab6_110_0.8 这是 对 要点 
LOG (latgen-faster:DecodeUtteranceLatticeFaster():decoder-wrappers.cc:383) Log-like per frame for utterance wav000_0250_32cbe2fc22b1e96b76016304ecbc8ab6_110_0.8 is 38.6001 over 36 frames.
wav001_0167_1f58c4e578a43d08226b031000992f8c_260_1.2 他们 你 也 没 给你 这 一份 
LOG (latgen-faster:DecodeUtteranceLatticeFaster():decoder-wrappers.cc:383) Log-like per frame for utterance wav001_0167_1f58c4e578a43d08226b031000992f8c_260_1.2 is 39.0241 over 75 frames.
wav001_0531_c4f7d60fe87510b7da98fbfcad66c9d4_235_1.2 你是 沈 亲 您 的 代理人 让让 申 庆 林 本人 有 男人 
LOG (latgen-faster:DecodeUtteranceLatticeFaster():decoder-wrappers.cc:383) Log-like per frame for utterance wav001_0531_c4f7d60fe87510b7da98fbfcad66c9d4_235_1.2 is 37.0636 over 128 frames.
wav000_0781_288e70a064090b684d1d8aee2d5e11e_160_0.85 因为 新的 证据 一审 有没有 提供 过 的 
LOG (latgen-faster:DecodeUtteranceLatticeFaster():decoder-wrappers.cc:383) Log-like per frame for utterance wav000_0781_288e70a064090b684d1d8aee2d5e11e_160_0.85 is 35.2326 over 75 frames.
wav001_0419_ea40f0e62544c6fa017476cf19b2444f_160_0.9 其中 一 大方 的 商家 人 呢 右边 是 他 一套 房 的那 怎么会 你 穿插 又 拆 方 这边 
LOG (latgen-faster:DecodeUtteranceLatticeFaster():decoder-wrappers.cc:383) Log-like per frame for utterance wav001_0419_ea40f0e62544c6fa017476cf19b2444f_160_0.9 is 37.4983 over 205 frames.
wav000_0510_cec5f743e604e5c6cdbde9e965370566_160_0.9 是 这 
LOG (latgen-faster:DecodeUtteranceLatticeFaster():decoder-wrappers.cc:383) Log-like per frame for utterance wav000_0510_cec5f743e604e5c6cdbde9e965370566_160_0.9 is 43.6873 over 29 frames.
wav000_0806_0d78d381be9f85e772938123b5eb309b_160_0.9 呃 一个 是 他的 这个 
LOG (latgen-faster:DecodeUtteranceLatticeFaster():decoder-wrappers.cc:383) Log-like per frame for utterance wav000_0806_0d78d381be9f85e772938123b5eb309b_160_0.9 is 44.861 over 56 frames.
wav000_0529_332083ecdefbf22c73f0463636db5f15 二零一三年 六月 二日 刑满释放 二零 一一 五年 七月 十日 因 犯 贩卖 
LOG (latgen-faster:DecodeUtteranceLatticeFaster():decoder-wrappers.cc:383) Log-like per frame for utterance wav000_0529_332083ecdefbf22c73f0463636db5f15 is 44.0223 over 205 frames.
wav000_0588_f022228fab2dad76aee14994dc8637a_235_1.15 对 这个 
LOG (latgen-faster:DecodeUtteranceLatticeFaster():decoder-wrappers.cc:383) Log-like per frame for utterance wav000_0588_f022228fab2dad76aee14994dc8637a_235_1.15 is 47.5766 over 44 frames.
wav000_0423_f6edd6cdf52315941d91975cc2bd382_310_1.35 不能 还是 我们 不能 将 见 赖 的 注意 啊 其 物品 全部 清空 并 荒废 了 整整 
LOG (latgen-faster:DecodeUtteranceLatticeFaster():decoder-wrappers.cc:383) Log-like per frame for utterance wav000_0423_f6edd6cdf52315941d91975cc2bd382_310_1.35 is 33.6827 over 205 frames.
wav001_0503_8d6431b369c8fc51bac0fa82bd95507c 到 
LOG (latgen-faster:DecodeUtteranceLatticeFaster():decoder-wrappers.cc:383) Log-like per frame for utterance wav001_0503_8d6431b369c8fc51bac0fa82bd95507c is 38.9905 over 24 frames.
wav000_0773_332083ecdefbf22c73f0463636db5f15_160_0.7 二零一三年 六月 二日 刑满释放 二零一五年 七月 十日 因 犯 贩卖 
LOG (latgen-faster:DecodeUtteranceLatticeFaster():decoder-wrappers.cc:383) Log-like per frame for utterance wav000_0773_332083ecdefbf22c73f0463636db5f15_160_0.7 is 38.2775 over 205 frames.
wav001_0729_cb75590cd445c3953b501b177c9fc215_160_0.7 都是 幸福 诉讼 
LOG (latgen-faster:DecodeUtteranceLatticeFaster():decoder-wrappers.cc:383) Log-like per frame for utterance wav001_0729_cb75590cd445c3953b501b177c9fc215_160_0.7 is 34.1685 over 48 frames.
wav000_0265__6b35211f29816eef69d26300878f38b4_85_0.9 还是 按 依次 依次 排列 二 
LOG (latgen-faster:DecodeUtteranceLatticeFaster():decoder-wrappers.cc:383) Log-like per frame for utterance wav000_0265__6b35211f29816eef69d26300878f38b4_85_0.9 is 38.9044 over 72 frames.
wav001_0012_869dc520547b3bbdac6e733c32467af7_285_1.2 确认 劳动 走 的 工作 岗位 
LOG (latgen-faster:DecodeUtteranceLatticeFaster():decoder-wrappers.cc:383) Log-like per frame for utterance wav001_0012_869dc520547b3bbdac6e733c32467af7_285_1.2 is 36.7521 over 103 frames.
wav001_0867_b75590cd445c3953b501b177c9fc215_185_0.75 但 幸运 书 是在 
LOG (latgen-faster:DecodeUtteranceLatticeFaster():decoder-wrappers.cc:383) Log-like per frame for utterance wav001_0867_b75590cd445c3953b501b177c9fc215_185_0.75 is 36.2983 over 48 frames.
wav000_0705_e82b7af042a481b26cd9467706c386c7_285_1.1 并在 案发 当天 未 解 四 份 在 中心 城区 人流 密集 地段 种 睽睽 之下 进行 
LOG (latgen-faster:DecodeUtteranceLatticeFaster():decoder-wrappers.cc:383) Log-like per frame for utterance wav000_0705_e82b7af042a481b26cd9467706c386c7_285_1.1 is 35.9013 over 205 frames.
wav001_0878_2fb3efd7b7df6451e9bc1b93076816b_285_1.25 真是 的 沈 能那 个 质证 意见 第一 组就 是 
LOG (latgen-faster:DecodeUtteranceLatticeFaster():decoder-wrappers.cc:383) Log-like per frame for utterance wav001_0878_2fb3efd7b7df6451e9bc1b93076816b_285_1.25 is 31.1369 over 89 frames.
wav001_0345_53a3fe44c98dc221aecfe83af07f4e0_210_1.15 的 为 妊娠 存在 厦门 治疗 
LOG (latgen-faster:DecodeUtteranceLatticeFaster():decoder-wrappers.cc:383) Log-like per frame for utterance wav001_0345_53a3fe44c98dc221aecfe83af07f4e0_210_1.15 is 38.2874 over 105 frames.
wav000_0191_789a2cf598785485c1b5df8c72ae1f0_210_1.15 即 判决 二 页 
LOG (latgen-faster:DecodeUtteranceLatticeFaster():decoder-wrappers.cc:383) Log-like per frame for utterance wav000_0191_789a2cf598785485c1b5df8c72ae1f0_210_1.15 is 37.6492 over 50 frames.
wav000_0610_c817f6396ce846137851a70e516f1a6_210_1.25 本案 为 应当 以 一九九四年 承包合同 
LOG (latgen-faster:DecodeUtteranceLatticeFaster():decoder-wrappers.cc:383) Log-like per frame for utterance wav000_0610_c817f6396ce846137851a70e516f1a6_210_1.25 is 37.8611 over 175 frames.
wav000_0218_98bb53fd8beb07f83e2e036997e240a5_110_0.8 根据 中华人民共和国 刑事诉讼法 第一 百八 十九 条 第 两百 条 
LOG (latgen-faster:DecodeUtteranceLatticeFaster():decoder-wrappers.cc:383) Log-like per frame for utterance wav000_0218_98bb53fd8beb07f83e2e036997e240a5_110_0.8 is 37.0575 over 205 frames.
wav000_0849_76b29053bd12adea42cdea474a1b0adf_85_0.85 哦 
LOG (latgen-faster:DecodeUtteranceLatticeFaster():decoder-wrappers.cc:383) Log-like per frame for utterance wav000_0849_76b29053bd12adea42cdea474a1b0adf_85_0.85 is 37.9977 over 52 frames.
wav001_0213_0310501ddca17b7089c0e96b64f56ba6_85_0.85 我要 娶 为 我的 那个 手机 跟 
LOG (latgen-faster:DecodeUtteranceLatticeFaster():decoder-wrappers.cc:383) Log-like per frame for utterance wav001_0213_0310501ddca17b7089c0e96b64f56ba6_85_0.85 is 43.0655 over 108 frames.
wav000_0474_1bd9dd5af0eddf4544122c747323d699_260_1.2 还没有 
LOG (latgen-faster:DecodeUtteranceLatticeFaster():decoder-wrappers.cc:383) Log-like per frame for utterance wav000_0474_1bd9dd5af0eddf4544122c747323d699_260_1.2 is 42.6749 over 29 frames.
wav000_0952__8dba460146545cf7ddc34b0487527096_85_0.7 不知道 
LOG (latgen-faster:DecodeUtteranceLatticeFaster():decoder-wrappers.cc:383) Log-like per frame for utterance wav000_0952__8dba460146545cf7ddc34b0487527096_85_0.7 is 37.1809 over 27 frames.
wav000_0353_6b35211f29816eef69d26300878f38b4_110_0.9 还是 按 依次 依次 排列 二 
LOG (latgen-faster:DecodeUtteranceLatticeFaster():decoder-wrappers.cc:383) Log-like per frame for utterance wav000_0353_6b35211f29816eef69d26300878f38b4_110_0.9 is 39.1477 over 72 frames.
wav001_0188_1f3316e1e920f69af08138f792caa0d4_110_0.8 那那 你是 否认 罪 
LOG (latgen-faster:DecodeUtteranceLatticeFaster():decoder-wrappers.cc:383) Log-like per frame for utterance wav001_0188_1f3316e1e920f69af08138f792caa0d4_110_0.8 is 39.2656 over 62 frames.
wav001_0880_24e244e0c0a72e3eb09916ee39dbc1df_310_1.4 嗯嗯 刚才 提到 了 
LOG (latgen-faster:DecodeUtteranceLatticeFaster():decoder-wrappers.cc:383) Log-like per frame for utterance wav001_0880_24e244e0c0a72e3eb09916ee39dbc1df_310_1.4 is 38.6488 over 75 frames.
wav001_0893_d4eeb3e9bf79ba4cfcda92741712b33e_235_1.1 但是 呢 你 又 跟 公诉人 刚才 询问 的 时候 你 又说 你 没有 做 这个 事情 
LOG (latgen-faster:DecodeUtteranceLatticeFaster():decoder-wrappers.cc:383) Log-like per frame for utterance wav001_0893_d4eeb3e9bf79ba4cfcda92741712b33e_235_1.1 is 37.6622 over 168 frames.
wav000_0059__8d60bc449d83e7d0460bfff44ddab3cc_85_0.7 本 骚 嗯嗯 
LOG (latgen-faster:DecodeUtteranceLatticeFaster():decoder-wrappers.cc:383) Log-like per frame for utterance wav000_0059__8d60bc449d83e7d0460bfff44ddab3cc_85_0.7 is 33.5692 over 57 frames.
wav000_0432_d1ce52ad41732c6d5a4e4b4950c9188c_160_0.7 嗯 
LOG (latgen-faster:DecodeUtteranceLatticeFaster():decoder-wrappers.cc:383) Log-like per frame for utterance wav000_0432_d1ce52ad41732c6d5a4e4b4950c9188c_160_0.7 is 37.1674 over 24 frames.
wav001_0678_ae8ba2faac745f2edcc77c4915d53e84 开庭 加 三零 零 到 开庭 九四 零 这是 一个 
LOG (latgen-faster:DecodeUtteranceLatticeFaster():decoder-wrappers.cc:383) Log-like per frame for utterance wav001_0678_ae8ba2faac745f2edcc77c4915d53e84 is 37.7076 over 128 frames.
wav001_0572_f66dda517ce359d1fec62c2ec1ba1afd 是谁 叫 谁 去 
LOG (latgen-faster:DecodeUtteranceLatticeFaster():decoder-wrappers.cc:383) Log-like per frame for utterance wav001_0572_f66dda517ce359d1fec62c2ec1ba1afd is 41.0796 over 89 frames.
wav001_0933_f9c4841814ba8531d568f0c273c29ced_185_0.9 证人 
LOG (latgen-faster:DecodeUtteranceLatticeFaster():decoder-wrappers.cc:383) Log-like per frame for utterance wav001_0933_f9c4841814ba8531d568f0c273c29ced_185_0.9 is 34.4856 over 24 frames.
wav001_0401_4724e1d9db2ec9c2a1728d30f5c7ea57_110_0.8 高志 明 
LOG (latgen-faster:DecodeUtteranceLatticeFaster():decoder-wrappers.cc:383) Log-like per frame for utterance wav001_0401_4724e1d9db2ec9c2a1728d30f5c7ea57_110_0.8 is 31.678 over 25 frames.
wav001_0973_4257c6b226f6cf3b8e3ee912b8553083_160_0.7 机率 基本上 有 被 双方 申请 专利 
LOG (latgen-faster:DecodeUtteranceLatticeFaster():decoder-wrappers.cc:383) Log-like per frame for utterance wav001_0973_4257c6b226f6cf3b8e3ee912b8553083_160_0.7 is 33.0964 over 107 frames.
wav000_0690_332083ecdefbf22c73f0463636db5f15_135_0.9 二零一三年 六月 二日 刑满释放 二零 一一 五年 七月 十日 因 犯 贩卖 
LOG (latgen-faster:DecodeUtteranceLatticeFaster():decoder-wrappers.cc:383) Log-like per frame for utterance wav000_0690_332083ecdefbf22c73f0463636db5f15_135_0.9 is 42.4511 over 205 frames.
wav000_0603_d4993ef62f986b78761a907b59d21b3_285_1.25 陈锦 信 在 证明 书面 证明 当中 他 也是 说 像 王振忠 战乱 为 
LOG (latgen-faster:DecodeUtteranceLatticeFaster():decoder-wrappers.cc:383) Log-like per frame for utterance wav000_0603_d4993ef62f986b78761a907b59d21b3_285_1.25 is 34.9313 over 205 frames.
wav000_0713_7eeda4464f0b4ee0691e19d0db0bc592 你 同 不同 意 黄 二 斤 的 这个 
LOG (latgen-faster:DecodeUtteranceLatticeFaster():decoder-wrappers.cc:383) Log-like per frame for utterance wav000_0713_7eeda4464f0b4ee0691e19d0db0bc592 is 41.1826 over 88 frames.
wav000_0090_ea40f0e62544c6fa017476cf19b2444f_110_0.8 其中 一幢 房子 商家 们 的 右边 数 他 一套 房 的那 怎么会 有 长长 于 茶坊 
LOG (latgen-faster:DecodeUtteranceLatticeFaster():decoder-wrappers.cc:383) Log-like per frame for utterance wav000_0090_ea40f0e62544c6fa017476cf19b2444f_110_0.8 is 35.147 over 205 frames.
wav001_0138_869dc520547b3bbdac6e733c32467af7_210_1.1 去 那 劳动者 的 工作 岗位 
LOG (latgen-faster:DecodeUtteranceLatticeFaster():decoder-wrappers.cc:383) Log-like per frame for utterance wav001_0138_869dc520547b3bbdac6e733c32467af7_210_1.1 is 36.9447 over 103 frames.
wav001_0744_b44086e14d631f3684d52c29939619c1 但是 我们 这个 内容 和 全 粮 就 内容 并不 完全 一致 啊 不完全 一致 啊 我们是 只是 参照 
LOG (latgen-faster:DecodeUtteranceLatticeFaster():decoder-wrappers.cc:383) Log-like per frame for utterance wav001_0744_b44086e14d631f3684d52c29939619c1 is 40.4757 over 205 frames.
wav000_0763_d1ce52ad41732c6d5a4e4b4950c9188c_135_0.9 没有 
LOG (latgen-faster:DecodeUtteranceLatticeFaster():decoder-wrappers.cc:383) Log-like per frame for utterance wav000_0763_d1ce52ad41732c6d5a4e4b4950c9188c_135_0.9 is 28.707 over 24 frames.
wav000_0470_31b71c48692d2bffdd761ae318b0067e 稍等 一下 稍等 一下 
LOG (latgen-faster:DecodeUtteranceLatticeFaster():decoder-wrappers.cc:383) Log-like per frame for utterance wav000_0470_31b71c48692d2bffdd761ae318b0067e is 35.8632 over 55 frames.
wav000_0594_9daf8a2c68c1b576d21f6a1906ab5beb_110_0.8 我 才是 五 村人 
LOG (latgen-faster:DecodeUtteranceLatticeFaster():decoder-wrappers.cc:383) Log-like per frame for utterance wav000_0594_9daf8a2c68c1b576d21f6a1906ab5beb_110_0.8 is 32.9851 over 75 frames.
wav001_0643_e00f7758ccb23bcbcff31d789a06659_285_1.15 进行 这个 是 
LOG (latgen-faster:DecodeUtteranceLatticeFaster():decoder-wrappers.cc:383) Log-like per frame for utterance wav001_0643_e00f7758ccb23bcbcff31d789a06659_285_1.15 is 36.0619 over 43 frames.
wav001_0127_185b9f0288c8387623960a1702987af0_235_1.1 法定继承 人是 没有 主张 保险金 
LOG (latgen-faster:DecodeUtteranceLatticeFaster():decoder-wrappers.cc:383) Log-like per frame for utterance wav001_0127_185b9f0288c8387623960a1702987af0_235_1.1 is 36.2477 over 121 frames.
wav000_0740_2d4d76ec0f5e57feaf79ba69dad8676_210_1.25 上诉 人 在上 诉状 
LOG (latgen-faster:DecodeUtteranceLatticeFaster():decoder-wrappers.cc:383) Log-like per frame for utterance wav000_0740_2d4d76ec0f5e57feaf79ba69dad8676_210_1.25 is 36.1508 over 88 frames.
wav000_0513_e7bfa612e0f09e847feb076233627ec8_110_0.8 那 我 诉讼 之后 我也 不会 去 
LOG (latgen-faster:DecodeUtteranceLatticeFaster():decoder-wrappers.cc:383) Log-like per frame for utterance wav000_0513_e7bfa612e0f09e847feb076233627ec8_110_0.8 is 36.4726 over 90 frames.
wav000_0859_651f0ea57b7468a78e6fcdefd24732fc_310_1.3 请坐 下 
LOG (latgen-faster:DecodeUtteranceLatticeFaster():decoder-wrappers.cc:383) Log-like per frame for utterance wav000_0859_651f0ea57b7468a78e6fcdefd24732fc_310_1.3 is 37.4702 over 35 frames.
wav001_0605_1d94d0bc2686b5e2c44bb10327dfc36_185_0.85 不是你 说 
LOG (latgen-faster:DecodeUtteranceLatticeFaster():decoder-wrappers.cc:383) Log-like per frame for utterance wav001_0605_1d94d0bc2686b5e2c44bb10327dfc36_185_0.85 is 31.2975 over 50 frames.
wav001_0463_8cdb3666a4cd0f15be440135670c4ae6_135_0.7 对 
LOG (latgen-faster:DecodeUtteranceLatticeFaster():decoder-wrappers.cc:383) Log-like per frame for utterance wav001_0463_8cdb3666a4cd0f15be440135670c4ae6_135_0.7 is 27.6797 over 32 frames.
wav000_0532_dbba1ab93a8e3b77a901429fd7e7a24d_260_1.1 民事 庭 
LOG (latgen-faster:DecodeUtteranceLatticeFaster():decoder-wrappers.cc:383) Log-like per frame for utterance wav000_0532_dbba1ab93a8e3b77a901429fd7e7a24d_260_1.1 is 39.1421 over 46 frames.
wav001_0295_671c00a76caea05a61d57fa92292942_210_1.25 涉及到 行政 单位 机构改革 之前 之前 的 玻璃 跟 这个 呃 相关 机构 
LOG (latgen-faster:DecodeUtteranceLatticeFaster():decoder-wrappers.cc:383) Log-like per frame for utterance wav001_0295_671c00a76caea05a61d57fa92292942_210_1.25 is 38.8577 over 205 frames.
wav000_0309_f9f7c043c6b1bdfe79701f42c9fdf617_285_1.1 奇怪 了 这样 
LOG (latgen-faster:DecodeUtteranceLatticeFaster():decoder-wrappers.cc:383) Log-like per frame for utterance wav000_0309_f9f7c043c6b1bdfe79701f42c9fdf617_285_1.1 is 32.5459 over 49 frames.
wav000_0289_6f022228fab2dad76aee14994dc8637a_160_0.8 对 这个 
LOG (latgen-faster:DecodeUtteranceLatticeFaster():decoder-wrappers.cc:383) Log-like per frame for utterance wav000_0289_6f022228fab2dad76aee14994dc8637a_160_0.8 is 46.0586 over 44 frames.
wav000_0585_a10aa30692c886c0b7942ab86df95de5_185_0.8 告诉 
LOG (latgen-faster:DecodeUtteranceLatticeFaster():decoder-wrappers.cc:383) Log-like per frame for utterance wav000_0585_a10aa30692c886c0b7942ab86df95de5_185_0.8 is 31.4588 over 25 frames.
wav001_0196_1f58c4e578a43d08226b031000992f8c 他们 也 没 给你 这一 份 
LOG (latgen-faster:DecodeUtteranceLatticeFaster():decoder-wrappers.cc:383) Log-like per frame for utterance wav001_0196_1f58c4e578a43d08226b031000992f8c is 42.1404 over 75 frames.
wav000_0561_5785a37c93809bfa40f26d460aa2099_260_1.25 跟 本案 无关 你 不要 讲 就是你 本案 有关的 
LOG (latgen-faster:DecodeUtteranceLatticeFaster():decoder-wrappers.cc:383) Log-like per frame for utterance wav000_0561_5785a37c93809bfa40f26d460aa2099_260_1.25 is 37.5573 over 113 frames.
wav000_0927_25e736ab5857ba824a6b6b0c8fa8104e 这个 就是 忠义 辉 该 赖 光滑 
LOG (latgen-faster:DecodeUtteranceLatticeFaster():decoder-wrappers.cc:383) Log-like per frame for utterance wav000_0927_25e736ab5857ba824a6b6b0c8fa8104e is 40.7921 over 110 frames.
wav001_0155_c0ab5dac8a25a0eea0187fd7397e5983_310_1.3 等 一下 
LOG (latgen-faster:DecodeUtteranceLatticeFaster():decoder-wrappers.cc:383) Log-like per frame for utterance wav001_0155_c0ab5dac8a25a0eea0187fd7397e5983_310_1.3 is 35.7765 over 29 frames.
wav001_0151_1f7c0f53003acb2fc7b0f0825616bee9 理由 是 不 充分 的 
LOG (latgen-faster:DecodeUtteranceLatticeFaster():decoder-wrappers.cc:383) Log-like per frame for utterance wav001_0151_1f7c0f53003acb2fc7b0f0825616bee9 is 38.6302 over 45 frames.
wav001_0200_543e54dc10a7e42884002f44ab57ecb_310_1.35 那 这个 现在 人 
LOG (latgen-faster:DecodeUtteranceLatticeFaster():decoder-wrappers.cc:383) Log-like per frame for utterance wav001_0200_543e54dc10a7e42884002f44ab57ecb_310_1.35 is 32.0922 over 41 frames.
wav000_0913_2a53c560ffe1d85866ec08e3e0161100_210_1.2 之间 签订 的 
LOG (latgen-faster:DecodeUtteranceLatticeFaster():decoder-wrappers.cc:383) Log-like per frame for utterance wav000_0913_2a53c560ffe1d85866ec08e3e0161100_210_1.2 is 39.0742 over 44 frames.
wav000_0709_8f322b3946e6abc4789cf2661fac0be_210_1.15 然后 第二 点的 话 就是说 
LOG (latgen-faster:DecodeUtteranceLatticeFaster():decoder-wrappers.cc:383) Log-like per frame for utterance wav000_0709_8f322b3946e6abc4789cf2661fac0be_210_1.15 is 43.4064 over 72 frames.
wav001_0025_feffce8d314c516c65393978b0b212b_135_0.85 另 查明 被告人 刘洋 杜 小 涛 完结 三人 于 二零一一年 九月 
LOG (latgen-faster:DecodeUtteranceLatticeFaster():decoder-wrappers.cc:383) Log-like per frame for utterance wav001_0025_feffce8d314c516c65393978b0b212b_135_0.85 is 39.6993 over 205 frames.
wav000_0333_156af8ccb27232b3070cd9d9a451bcf_310_1.45 不认 为 
LOG (latgen-faster:DecodeUtteranceLatticeFaster():decoder-wrappers.cc:383) Log-like per frame for utterance wav000_0333_156af8ccb27232b3070cd9d9a451bcf_310_1.45 is 41.3587 over 36 frames.
wav000_0127_ff650fa6602f4baf5ce88c1c6fb973f7_210_1.1 因为他 们 没有 诚意 还钱 
LOG (latgen-faster:DecodeUtteranceLatticeFaster():decoder-wrappers.cc:383) Log-like per frame for utterance wav000_0127_ff650fa6602f4baf5ce88c1c6fb973f7_210_1.1 is 31.4679 over 101 frames.
wav001_0344_bb27a6951e14ed5fc8879230f560487_185_0.75 嗯 
LOG (latgen-faster:DecodeUtteranceLatticeFaster():decoder-wrappers.cc:383) Log-like per frame for utterance wav001_0344_bb27a6951e14ed5fc8879230f560487_185_0.75 is 45.5308 over 27 frames.
wav000_0612_b15bd6c962ea18ab2370b2d20da298a2_160_0.8 本案 的 被上诉人 向 法庭 提供了 相关 的 证据 
LOG (latgen-faster:DecodeUtteranceLatticeFaster():decoder-wrappers.cc:383) Log-like per frame for utterance wav000_0612_b15bd6c962ea18ab2370b2d20da298a2_160_0.8 is 37.1735 over 135 frames.
wav000_0105_887039d28ad27674c25f09eb0b241cf_185_0.85 高中 联系 记录 啊 公诉人 就 起诉书 所 呢 放在 定金 新款 条 如实 回答 不要 讲 讲话 没 听 清楚 
LOG (latgen-faster:DecodeUtteranceLatticeFaster():decoder-wrappers.cc:383) Log-like per frame for utterance wav000_0105_887039d28ad27674c25f09eb0b241cf_185_0.85 is 34.0473 over 205 frames.
wav000_0436_159a3397890c9d6e22e034a21907df3d_135_0.9 就是 
LOG (latgen-faster:DecodeUtteranceLatticeFaster():decoder-wrappers.cc:383) Log-like per frame for utterance wav000_0436_159a3397890c9d6e22e034a21907df3d_135_0.9 is 44.0213 over 24 frames.
wav000_0252_60c28567b9f28189e95f742efcbf672_185_0.85 孙 万林 五百 元 
LOG (latgen-faster:DecodeUtteranceLatticeFaster():decoder-wrappers.cc:383) Log-like per frame for utterance wav000_0252_60c28567b9f28189e95f742efcbf672_185_0.85 is 40.7417 over 83 frames.
wav000_0567_0310501ddca17b7089c0e96b64f56ba6 我要 取回 我的 那个 手机 跟 
LOG (latgen-faster:DecodeUtteranceLatticeFaster():decoder-wrappers.cc:383) Log-like per frame for utterance wav000_0567_0310501ddca17b7089c0e96b64f56ba6 is 44.5182 over 108 frames.
wav000_0580_f349c5a95fc5980a752c115d25270c13_235_1.1 证人 证明 与 本案 的 顾虑 最后 有什么 要说 的 
LOG (latgen-faster:DecodeUtteranceLatticeFaster():decoder-wrappers.cc:383) Log-like per frame for utterance wav000_0580_f349c5a95fc5980a752c115d25270c13_235_1.1 is 36.147 over 116 frames.
wav001_0225_3aafcba5a13328180a8650914f4c138e_160_0.9 机遇 
LOG (latgen-faster:DecodeUtteranceLatticeFaster():decoder-wrappers.cc:383) Log-like per frame for utterance wav001_0225_3aafcba5a13328180a8650914f4c138e_160_0.9 is 41.0146 over 41 frames.
wav001_0091_e912b6b75836557e755a6d99e77b3e0c_160_0.8 第二 个 就是说 
LOG (latgen-faster:DecodeUtteranceLatticeFaster():decoder-wrappers.cc:383) Log-like per frame for utterance wav001_0091_e912b6b75836557e755a6d99e77b3e0c_160_0.8 is 38.2785 over 40 frames.
wav001_0814_f6f71748d4b129acbe7e791f9de72809_260_1.2 他的 意思 说 要 调解 调解 不成 的话 如果 不到 庭 的话 就 申请 法院 支持 我们 刚才 的 诉讼 请求 
LOG (latgen-faster:DecodeUtteranceLatticeFaster():decoder-wrappers.cc:383) Log-like per frame for utterance wav001_0814_f6f71748d4b129acbe7e791f9de72809_260_1.2 is 35.6346 over 205 frames.
wav001_0693_c7f5479b87f3d6f32e5ba291d58d434c_260_1.1 一一 条 给 葛 月娇 来 
LOG (latgen-faster:DecodeUtteranceLatticeFaster():decoder-wrappers.cc:383) Log-like per frame for utterance wav001_0693_c7f5479b87f3d6f32e5ba291d58d434c_260_1.1 is 36.4726 over 88 frames.
wav000_0530_1984eab3265e50feb79c0669110c1b8_210_1.25 我 先 问 一下 啊 
LOG (latgen-faster:DecodeUtteranceLatticeFaster():decoder-wrappers.cc:383) Log-like per frame for utterance wav000_0530_1984eab3265e50feb79c0669110c1b8_210_1.25 is 41.0349 over 46 frames.
wav000_0316_c4f7d60fe87510b7da98fbfcad66c9d4_85_0.75 你是 申请人 的 代理人 啊 那 沈建 林 本人 有 了 吧 
LOG (latgen-faster:DecodeUtteranceLatticeFaster():decoder-wrappers.cc:383) Log-like per frame for utterance wav000_0316_c4f7d60fe87510b7da98fbfcad66c9d4_85_0.75 is 36.8763 over 128 frames.
wav000_0784_62657707634c8d2beef379db49a35d97_185_0.8 损失 包括 的 维修费 三万 零一 千 四 
LOG (latgen-faster:DecodeUtteranceLatticeFaster():decoder-wrappers.cc:383) Log-like per frame for utterance wav000_0784_62657707634c8d2beef379db49a35d97_185_0.8 is 34.2029 over 111 frames.
wav000_0589_a34e6663635bb173a16e2661de83d000_160_0.8 以此 作为 文章 产生 了 一下子 
LOG (latgen-faster:DecodeUtteranceLatticeFaster():decoder-wrappers.cc:383) Log-like per frame for utterance wav000_0589_a34e6663635bb173a16e2661de83d000_160_0.8 is 32.2776 over 107 frames.
wav000_0689_253a3fe44c98dc221aecfe83af07f4e0_285_1.1 因为 妊娠 存在 厦门 治疗 
LOG (latgen-faster:DecodeUtteranceLatticeFaster():decoder-wrappers.cc:383) Log-like per frame for utterance wav000_0689_253a3fe44c98dc221aecfe83af07f4e0_285_1.1 is 38.3889 over 105 frames.
LOG (copy-feats:main():copy-feats.cc:100) Copied 162 feature matrices.
wav000_0969_15c193b3dfd4148e447837439f630834_310_1.3 上诉 请求 及事 实理 
LOG (latgen-faster:DecodeUtteranceLatticeFaster():decoder-wrappers.cc:383) Log-like per frame for utterance wav000_0969_15c193b3dfd4148e447837439f630834_310_1.3 is 35.6282 over 71 frames.
wav000_0536_cc12edc96b7c3746fa74a86eae1af5d_235_1.25 说话 超 
LOG (latgen-faster:DecodeUtteranceLatticeFaster():decoder-wrappers.cc:383) Log-like per frame for utterance wav000_0536_cc12edc96b7c3746fa74a86eae1af5d_235_1.25 is 33.7288 over 68 frames.
wav001_0351_f7f96da1b1c7d1f389fd8e138e20e5b0_110_0.9 还有 两百 求助 
LOG (latgen-faster:DecodeUtteranceLatticeFaster():decoder-wrappers.cc:383) Log-like per frame for utterance wav001_0351_f7f96da1b1c7d1f389fd8e138e20e5b0_110_0.9 is 30.895 over 38 frames.
wav000_0222_996c0a4caadaafdcd0627b9ead4d7eb9_260_1.1 呃 就现在 就 
LOG (latgen-faster:DecodeUtteranceLatticeFaster():decoder-wrappers.cc:383) Log-like per frame for utterance wav000_0222_996c0a4caadaafdcd0627b9ead4d7eb9_260_1.1 is 34.9545 over 20 frames.
LOG (nnet-forward:main():nnet-forward.cc:350) Done 162 files in 5.49516min, (fps 126.875)
wav001_0448_7f381958a1008d366c87f595c5d380dd_160_0.8 那你 跟 陈 和 没 
LOG (latgen-faster:DecodeUtteranceLatticeFaster():decoder-wrappers.cc:383) Log-like per frame for utterance wav001_0448_7f381958a1008d366c87f595c5d380dd_160_0.8 is 38.7765 over 55 frames.
LOG (latgen-faster:main():latgen-faster.cc:165) Time taken 337.086s: real-time factor assuming 100 frames/sec is 2.40621
LOG (latgen-faster:main():latgen-faster.cc:168) Done 162 utterances, failed for 0
LOG (latgen-faster:main():latgen-faster.cc:170) Overall log-likelihood per frame is 37.4592 over 14009 frames.
# Accounting: time=338 threads=1
# Ended (code 0) at Mon Apr 12 11:27:47 CST 2021, elapsed time 338 seconds
