# latgen-faster --acoustic-scale=1.0 --beam=17 --lattice-beam=10 --max-mem=20000000 --max-active=5000 --word-symbol-table=/home/user/linjr/dcs_model_train_package_general_06052019_2.6.3_16k/ctc_16k_fsmn_court_resource/16k_general_wholeword_lfr/words.txt /home/user/linjr/auto_train/var/running_69787a52ad5b477d9a22b1253cc1dbb1/exp/smbr_ali_lat/final.mdl /home/user/linjr/dcs_model_train_package_general_06052019_2.6.3_16k/ctc_16k_fsmn_court_resource/16k_general_wholeword_lfr/HCLG.fst "ark:copy-feats scp:/home/user/linjr/auto_train/var/running_69787a52ad5b477d9a22b1253cc1dbb1/exp/data/train/split20/4/feats.scp ark:- | add-deltas --delta-order=0 ark:- ark:- | nnet-forward --ctc-blank-scale=1.0 --no-softmax=true --prior-scale=1.0 --feature-transform=/home/user/linjr/dcs_model_train_package_general_06052019_2.6.3_16k/ctc_16k_fsmn_court_resource/16k_general_wholeword_lfr/final.fe.feature_transform --class-frame-counts=/home/user/linjr/dcs_model_train_package_general_06052019_2.6.3_16k/ctc_16k_fsmn_court_resource/16k_general_wholeword_lfr/ali_train_pdf.counts --use-gpu=no /home/user/linjr/dcs_model_train_package_general_06052019_2.6.3_16k/ctc_16k_fsmn_court_resource/16k_general_wholeword_lfr/adv.model.ce.mdl ark:- ark:- |" ark,scp,f:/home/user/linjr/auto_train/var/running_69787a52ad5b477d9a22b1253cc1dbb1/exp/smbr_ali_lat/lat.4.ark,/home/user/linjr/auto_train/var/running_69787a52ad5b477d9a22b1253cc1dbb1/exp/smbr_ali_lat/lat.4.scp 
# Started at Mon Apr 12 11:22:09 CST 2021
#
latgen-faster --acoustic-scale=1.0 --beam=17 --lattice-beam=10 --max-mem=20000000 --max-active=5000 --word-symbol-table=/home/user/linjr/dcs_model_train_package_general_06052019_2.6.3_16k/ctc_16k_fsmn_court_resource/16k_general_wholeword_lfr/words.txt /home/user/linjr/auto_train/var/running_69787a52ad5b477d9a22b1253cc1dbb1/exp/smbr_ali_lat/final.mdl /home/user/linjr/dcs_model_train_package_general_06052019_2.6.3_16k/ctc_16k_fsmn_court_resource/16k_general_wholeword_lfr/HCLG.fst 'ark:copy-feats scp:/home/user/linjr/auto_train/var/running_69787a52ad5b477d9a22b1253cc1dbb1/exp/data/train/split20/4/feats.scp ark:- | add-deltas --delta-order=0 ark:- ark:- | nnet-forward --ctc-blank-scale=1.0 --no-softmax=true --prior-scale=1.0 --feature-transform=/home/user/linjr/dcs_model_train_package_general_06052019_2.6.3_16k/ctc_16k_fsmn_court_resource/16k_general_wholeword_lfr/final.fe.feature_transform --class-frame-counts=/home/user/linjr/dcs_model_train_package_general_06052019_2.6.3_16k/ctc_16k_fsmn_court_resource/16k_general_wholeword_lfr/ali_train_pdf.counts --use-gpu=no /home/user/linjr/dcs_model_train_package_general_06052019_2.6.3_16k/ctc_16k_fsmn_court_resource/16k_general_wholeword_lfr/adv.model.ce.mdl ark:- ark:- |' ark,scp,f:/home/user/linjr/auto_train/var/running_69787a52ad5b477d9a22b1253cc1dbb1/exp/smbr_ali_lat/lat.4.ark,/home/user/linjr/auto_train/var/running_69787a52ad5b477d9a22b1253cc1dbb1/exp/smbr_ali_lat/lat.4.scp 
copy-feats scp:/home/user/linjr/auto_train/var/running_69787a52ad5b477d9a22b1253cc1dbb1/exp/data/train/split20/4/feats.scp ark:- 
add-deltas --delta-order=0 ark:- ark:- 
nnet-forward --ctc-blank-scale=1.0 --no-softmax=true --prior-scale=1.0 --feature-transform=/home/user/linjr/dcs_model_train_package_general_06052019_2.6.3_16k/ctc_16k_fsmn_court_resource/16k_general_wholeword_lfr/final.fe.feature_transform --class-frame-counts=/home/user/linjr/dcs_model_train_package_general_06052019_2.6.3_16k/ctc_16k_fsmn_court_resource/16k_general_wholeword_lfr/ali_train_pdf.counts --use-gpu=no /home/user/linjr/dcs_model_train_package_general_06052019_2.6.3_16k/ctc_16k_fsmn_court_resource/16k_general_wholeword_lfr/adv.model.ce.mdl ark:- ark:- 
LOG (nnet-forward:SelectGpuId():cu-device.cc:114) Manually selected to compute on CPU.
LOG (nnet-forward:main():nnet-forward.cc:110) Removing <Softmax> from the nnet /home/user/linjr/dcs_model_train_package_general_06052019_2.6.3_16k/ctc_16k_fsmn_court_resource/16k_general_wholeword_lfr/adv.model.ce.mdl
LOG (nnet-forward:PdfPrior():nnet-pdf-prior.cc:34) Computing pdf-priors from : /home/user/linjr/dcs_model_train_package_general_06052019_2.6.3_16k/ctc_16k_fsmn_court_resource/16k_general_wholeword_lfr/ali_train_pdf.counts
LOG (nnet-forward:PdfPrior():nnet-pdf-prior.cc:63) Floored 0 pdf-priors (hard-set to 1.84467e+19, which disables DNN output when decoding)
wav001_0574_44086e14d631f3684d52c29939619c1_260_1.25 但是 我们 这个 内容 和 全量 就是 内容 并不 完全 一致 啊 不完全 一致 啊 我们是 只是 参照 
LOG (latgen-faster:DecodeUtteranceLatticeFaster():decoder-wrappers.cc:383) Log-like per frame for utterance wav001_0574_44086e14d631f3684d52c29939619c1_260_1.25 is 39.0484 over 205 frames.
wav001_0293_7d88bcc91894d79cf1ef9a03d3c52a50_135_0.7 嗯嗯 
LOG (latgen-faster:DecodeUtteranceLatticeFaster():decoder-wrappers.cc:383) Log-like per frame for utterance wav001_0293_7d88bcc91894d79cf1ef9a03d3c52a50_135_0.7 is 37.5772 over 23 frames.
wav000_0318_f656ed95aa4c25120dd34c1f21f9a322_185_0.9 根据 我们 
LOG (latgen-faster:DecodeUtteranceLatticeFaster():decoder-wrappers.cc:383) Log-like per frame for utterance wav000_0318_f656ed95aa4c25120dd34c1f21f9a322_185_0.9 is 31.7945 over 47 frames.
wav001_0380_66fa358c7a6d4b80cfb09471b35ac356_135_0.7 装船 
LOG (latgen-faster:DecodeUtteranceLatticeFaster():decoder-wrappers.cc:383) Log-like per frame for utterance wav001_0380_66fa358c7a6d4b80cfb09471b35ac356_135_0.7 is 32.9334 over 42 frames.
wav000_0153_63b1177002a23481ebcbc33b98b0ce8a_185_0.8 这个 意思 吗 
LOG (latgen-faster:DecodeUtteranceLatticeFaster():decoder-wrappers.cc:383) Log-like per frame for utterance wav000_0153_63b1177002a23481ebcbc33b98b0ce8a_185_0.8 is 36.1531 over 29 frames.
wav000_0644__270b16fdbecc161e1f08a8ee2db5e933_85_0.8 嗯 审判长 提问 说明 只 间隔 曹春 我 只有 一个 手机号码 是 吧 
LOG (latgen-faster:DecodeUtteranceLatticeFaster():decoder-wrappers.cc:383) Log-like per frame for utterance wav000_0644__270b16fdbecc161e1f08a8ee2db5e933_85_0.8 is 39.1007 over 191 frames.
wav000_0168_641bc2ba4bbd38b157f949cc789a665_235_1.15 呃 同时 确认 
LOG (latgen-faster:DecodeUtteranceLatticeFaster():decoder-wrappers.cc:383) Log-like per frame for utterance wav000_0168_641bc2ba4bbd38b157f949cc789a665_235_1.15 is 40.8288 over 62 frames.
wav000_0843_f381958a1008d366c87f595c5d380dd_185_0.75 你 跟 陈素 美 
LOG (latgen-faster:DecodeUtteranceLatticeFaster():decoder-wrappers.cc:383) Log-like per frame for utterance wav000_0843_f381958a1008d366c87f595c5d380dd_185_0.75 is 35.7246 over 55 frames.
wav000_0258_04b7fa45434ca0b494a45bf297e9501d_110_0.8 嗯 是当 制度 
LOG (latgen-faster:DecodeUtteranceLatticeFaster():decoder-wrappers.cc:383) Log-like per frame for utterance wav000_0258_04b7fa45434ca0b494a45bf297e9501d_110_0.8 is 33.3608 over 51 frames.
wav000_0390_341b31595885967c2ec13931ed15b6ab_260_1.2 就是 不是 这样 这 不是 这样的 什么 呢 我说 
LOG (latgen-faster:DecodeUtteranceLatticeFaster():decoder-wrappers.cc:383) Log-like per frame for utterance wav000_0390_341b31595885967c2ec13931ed15b6ab_260_1.2 is 33.7439 over 98 frames.
wav001_0911_ad68d95e2d6fb7c666ecb5ee300e4833_235_1.2 你 实际上 
LOG (latgen-faster:DecodeUtteranceLatticeFaster():decoder-wrappers.cc:383) Log-like per frame for utterance wav001_0911_ad68d95e2d6fb7c666ecb5ee300e4833_235_1.2 is 33.1911 over 47 frames.
wav001_0862_fb5ba0cf85d979ac233654b7a0fbf88_135_0.75 甚至 说 网络 
LOG (latgen-faster:DecodeUtteranceLatticeFaster():decoder-wrappers.cc:383) Log-like per frame for utterance wav001_0862_fb5ba0cf85d979ac233654b7a0fbf88_135_0.75 is 34.9289 over 42 frames.
wav000_0744_23e5fa03da5507187f4b83ce75c9cf7b_260_1.1 初中 实际 造成 了 上诉 人的 巨大 租金 损失 
LOG (latgen-faster:DecodeUtteranceLatticeFaster():decoder-wrappers.cc:383) Log-like per frame for utterance wav000_0744_23e5fa03da5507187f4b83ce75c9cf7b_260_1.1 is 37.2057 over 117 frames.
wav001_0269_82a057776266f6fc52e786cd03d6220a_85_0.75 是 迅速 送达 
LOG (latgen-faster:DecodeUtteranceLatticeFaster():decoder-wrappers.cc:383) Log-like per frame for utterance wav001_0269_82a057776266f6fc52e786cd03d6220a_85_0.75 is 30.7544 over 55 frames.
wav000_0810_ad909ce59fb367af1429efad1230e6f_185_0.75 不是我 问 
LOG (latgen-faster:DecodeUtteranceLatticeFaster():decoder-wrappers.cc:383) Log-like per frame for utterance wav000_0810_ad909ce59fb367af1429efad1230e6f_185_0.75 is 31.6277 over 42 frames.
wav001_0387_5687722464abff756730dc13b7cc660c_260_1.1 不是 新 新的 证据 一 吗 没有了 
LOG (latgen-faster:DecodeUtteranceLatticeFaster():decoder-wrappers.cc:383) Log-like per frame for utterance wav001_0387_5687722464abff756730dc13b7cc660c_260_1.1 is 36.0656 over 102 frames.
wav001_0262_c60b0c2f3afe840041eb1748654eac61_210_1.2 啊 实际上 是 
LOG (latgen-faster:DecodeUtteranceLatticeFaster():decoder-wrappers.cc:383) Log-like per frame for utterance wav001_0262_c60b0c2f3afe840041eb1748654eac61_210_1.2 is 41.8927 over 55 frames.
wav000_0493__f9c4841814ba8531d568f0c273c29ced_85_0.9 份额 
LOG (latgen-faster:DecodeUtteranceLatticeFaster():decoder-wrappers.cc:383) Log-like per frame for utterance wav000_0493__f9c4841814ba8531d568f0c273c29ced_85_0.9 is 31.5569 over 24 frames.
wav000_0478_d2f0aee2c783923a0c061f985f550fb_185_0.85 嗯 与 相关 的 法律法规 发表 代理 意见 如下 
LOG (latgen-faster:DecodeUtteranceLatticeFaster():decoder-wrappers.cc:383) Log-like per frame for utterance wav000_0478_d2f0aee2c783923a0c061f985f550fb_185_0.85 is 34.6609 over 133 frames.
wav001_0640_6bdb307f2e35a43b51418c19f7f0092_135_0.75 证明 内容 
LOG (latgen-faster:DecodeUtteranceLatticeFaster():decoder-wrappers.cc:383) Log-like per frame for utterance wav001_0640_6bdb307f2e35a43b51418c19f7f0092_135_0.75 is 36.764 over 39 frames.
wav000_0911_d1ce52ad41732c6d5a4e4b4950c9188c_85_0.85 嗯 
LOG (latgen-faster:DecodeUtteranceLatticeFaster():decoder-wrappers.cc:383) Log-like per frame for utterance wav000_0911_d1ce52ad41732c6d5a4e4b4950c9188c_85_0.85 is 38.2691 over 24 frames.
wav000_0971_b44086e14d631f3684d52c29939619c1_160_0.7 不是我 们 这个 内容 和 全家 都 没有 并不 完全 一致 哦 王 萱 祝 我们 只能 操作 
LOG (latgen-faster:DecodeUtteranceLatticeFaster():decoder-wrappers.cc:383) Log-like per frame for utterance wav000_0971_b44086e14d631f3684d52c29939619c1_160_0.7 is 31.772 over 205 frames.
wav000_0186_b2661bb2fe4ba826e09b3969c25c970_235_1.25 下面 庭审 算 在 一 
LOG (latgen-faster:DecodeUtteranceLatticeFaster():decoder-wrappers.cc:383) Log-like per frame for utterance wav000_0186_b2661bb2fe4ba826e09b3969c25c970_235_1.25 is 35.0568 over 65 frames.
wav000_0615_75a7560c9daf537547ace4d405433898_135_0.9 对 一审 的 这个 判决 
LOG (latgen-faster:DecodeUtteranceLatticeFaster():decoder-wrappers.cc:383) Log-like per frame for utterance wav000_0615_75a7560c9daf537547ace4d405433898_135_0.9 is 39.1016 over 66 frames.
wav000_0916_9f7c043c6b1bdfe79701f42c9fdf617_135_0.75 一起 过了 真的 
LOG (latgen-faster:DecodeUtteranceLatticeFaster():decoder-wrappers.cc:383) Log-like per frame for utterance wav000_0916_9f7c043c6b1bdfe79701f42c9fdf617_135_0.75 is 33.9868 over 49 frames.
wav001_0232_9fc46fb42287148003346bf370827ac_260_1.25 都能 够 进行 完整 的 核实 这些 情况 这样 通过 我们 管理人 也 没办法 因为 这个 没办法 争议 所在 前 
LOG (latgen-faster:DecodeUtteranceLatticeFaster():decoder-wrappers.cc:383) Log-like per frame for utterance wav001_0232_9fc46fb42287148003346bf370827ac_260_1.25 is 36.8513 over 205 frames.
wav001_0053_4e9db9a3c6f1fdb5d272bea65d89053_160_0.75 梦中梦 于是 用 中国公司 就是 一百 十九 
LOG (latgen-faster:RebuildRepository():determinize-lattice-pruned.cc:294) Rebuilding repository.
WARNING (latgen-faster:CheckMemoryUsage():determinize-lattice-pruned.cc:327) Did not reach requested beam in determinize-lattice: size exceeds maximum 20000000 bytes; (repo,arcs,elems) = (9743808,21472,10346856), after rebuilding, repo size was 6927872, effective beam was 5.61019 vs. requested beam 10
WARNING (latgen-faster:DecodeUtteranceLatticeFaster():decoder-wrappers.cc:370) Determinization finished earlier than the beam for utterance wav001_0053_4e9db9a3c6f1fdb5d272bea65d89053_160_0.75
LOG (latgen-faster:DecodeUtteranceLatticeFaster():decoder-wrappers.cc:383) Log-like per frame for utterance wav001_0053_4e9db9a3c6f1fdb5d272bea65d89053_160_0.75 is 28.7579 over 128 frames.
wav000_0838_89b93f750ec5e3715d57db8453f39f9_260_1.15 你 用 的 账号 
LOG (latgen-faster:DecodeUtteranceLatticeFaster():decoder-wrappers.cc:383) Log-like per frame for utterance wav000_0838_89b93f750ec5e3715d57db8453f39f9_260_1.15 is 43.2689 over 56 frames.
wav001_0053_c0ab5dac8a25a0eea0187fd7397e5983_185_0.9 对 一下 
LOG (latgen-faster:DecodeUtteranceLatticeFaster():decoder-wrappers.cc:383) Log-like per frame for utterance wav001_0053_c0ab5dac8a25a0eea0187fd7397e5983_185_0.9 is 38.9932 over 29 frames.
wav000_0648_8f78594b3bdbd504213822662219bde_285_1.15 按照 事实 在 这边 反正 认识 
LOG (latgen-faster:DecodeUtteranceLatticeFaster():decoder-wrappers.cc:383) Log-like per frame for utterance wav000_0648_8f78594b3bdbd504213822662219bde_285_1.15 is 32.6299 over 73 frames.
wav001_0099_253a3fe44c98dc221aecfe83af07f4e0 异位妊娠 曾在 厦门 治疗 
LOG (latgen-faster:DecodeUtteranceLatticeFaster():decoder-wrappers.cc:383) Log-like per frame for utterance wav001_0099_253a3fe44c98dc221aecfe83af07f4e0 is 38.7189 over 105 frames.
wav000_0305_2803ea66149046f38a00c854151cbd7c_285_1.1 这个 你 
LOG (latgen-faster:DecodeUtteranceLatticeFaster():decoder-wrappers.cc:383) Log-like per frame for utterance wav000_0305_2803ea66149046f38a00c854151cbd7c_285_1.1 is 39.4219 over 30 frames.
wav000_0062_611a394600c29166f2f7b7513b279f0_235_1.15 我 上次 我 开庭 的 时候 我也 说 了 
LOG (latgen-faster:DecodeUtteranceLatticeFaster():decoder-wrappers.cc:383) Log-like per frame for utterance wav000_0062_611a394600c29166f2f7b7513b279f0_235_1.15 is 39.3006 over 97 frames.
wav001_0187_17eb4b97bcebc0dfab64bcb2797d70a3_210_1.1 上诉 人 在 证明 的 目的 就是 这一 批 空调 装载 了 起火 办公室 这一 台 空调 
LOG (latgen-faster:DecodeUtteranceLatticeFaster():decoder-wrappers.cc:383) Log-like per frame for utterance wav001_0187_17eb4b97bcebc0dfab64bcb2797d70a3_210_1.1 is 37.8611 over 181 frames.
wav000_0088_6c726f78490ea54f5e8e9e4c0b360ede_185_0.8 愤怒 和 厨房 工程局 的 都是 
LOG (latgen-faster:DecodeUtteranceLatticeFaster():decoder-wrappers.cc:383) Log-like per frame for utterance wav000_0088_6c726f78490ea54f5e8e9e4c0b360ede_185_0.8 is 32.5532 over 104 frames.
wav000_0453_7138ec2a2f0fdbc2438e2c5f7fe1fcb_260_1.25 没有 
LOG (latgen-faster:DecodeUtteranceLatticeFaster():decoder-wrappers.cc:383) Log-like per frame for utterance wav000_0453_7138ec2a2f0fdbc2438e2c5f7fe1fcb_260_1.25 is 43.5015 over 25 frames.
wav001_0825_ce3f2c5603ffb53b11e34c1c1e34afc_310_1.45 有 受害人 的 亲属 啊 
LOG (latgen-faster:DecodeUtteranceLatticeFaster():decoder-wrappers.cc:383) Log-like per frame for utterance wav001_0825_ce3f2c5603ffb53b11e34c1c1e34afc_310_1.45 is 38.9603 over 86 frames.
wav001_0079_1ce52ad41732c6d5a4e4b4950c9188c_310_1.35 嗯 
LOG (latgen-faster:DecodeUtteranceLatticeFaster():decoder-wrappers.cc:383) Log-like per frame for utterance wav001_0079_1ce52ad41732c6d5a4e4b4950c9188c_310_1.35 is 36.465 over 24 frames.
wav001_0384_87af31695cab29d45e6e5ca7a6e32bf_310_1.45 哎 是 解除 了 是 不认 识 张文斌 不认 识 成 
LOG (latgen-faster:DecodeUtteranceLatticeFaster():decoder-wrappers.cc:383) Log-like per frame for utterance wav001_0384_87af31695cab29d45e6e5ca7a6e32bf_310_1.45 is 34.1969 over 112 frames.
wav000_0204_8228b1e8d7e70a60f238157fa6cdaa44 那么 通过 这个 庭审 的 这个 事实 
LOG (latgen-faster:DecodeUtteranceLatticeFaster():decoder-wrappers.cc:383) Log-like per frame for utterance wav000_0204_8228b1e8d7e70a60f238157fa6cdaa44 is 37.8012 over 71 frames.
wav000_0652_6c1d7447bd5eb58c4563f03b3865e97_285_1.25 是非 常明 确 的 被申请人 诶 那 幼儿园 
LOG (latgen-faster:DecodeUtteranceLatticeFaster():decoder-wrappers.cc:383) Log-like per frame for utterance wav000_0652_6c1d7447bd5eb58c4563f03b3865e97_285_1.25 is 37.3328 over 134 frames.
wav000_0009_651f0ea57b7468a78e6fcdefd24732fc_110_0.7 请 记下 
LOG (latgen-faster:DecodeUtteranceLatticeFaster():decoder-wrappers.cc:383) Log-like per frame for utterance wav000_0009_651f0ea57b7468a78e6fcdefd24732fc_110_0.7 is 37.5318 over 35 frames.
wav000_0932_c726f78490ea54f5e8e9e4c0b360ede_285_1.25 分割 和 个 工程局 的 代理人 
LOG (latgen-faster:DecodeUtteranceLatticeFaster():decoder-wrappers.cc:383) Log-like per frame for utterance wav000_0932_c726f78490ea54f5e8e9e4c0b360ede_285_1.25 is 35.8903 over 104 frames.
wav000_0371_846b84e03709e2dd46ff0ad4807846bc_135_0.9 是不是 嗯 你 要证 明 这个 某 商业 呃 二零一八年 三月 十日 这个 借条 中 
LOG (latgen-faster:DecodeUtteranceLatticeFaster():decoder-wrappers.cc:383) Log-like per frame for utterance wav000_0371_846b84e03709e2dd46ff0ad4807846bc_135_0.9 is 41.1137 over 205 frames.
wav000_0701_a083db031af1730b53e7893918d4475b_235_1.2 权益 完毕 
LOG (latgen-faster:DecodeUtteranceLatticeFaster():decoder-wrappers.cc:383) Log-like per frame for utterance wav000_0701_a083db031af1730b53e7893918d4475b_235_1.2 is 29.6534 over 51 frames.
wav000_0691_d789d5dfb80b69ce777645b5c05e0cc8_235_1.2 透露 又是 一 联络 的 倾向 
LOG (latgen-faster:DecodeUtteranceLatticeFaster():decoder-wrappers.cc:383) Log-like per frame for utterance wav000_0691_d789d5dfb80b69ce777645b5c05e0cc8_235_1.2 is 37.2362 over 74 frames.
wav000_0691_0641bc2ba4bbd38b157f949cc789a665_110_0.7 嗯 同时 确认 
LOG (latgen-faster:DecodeUtteranceLatticeFaster():decoder-wrappers.cc:383) Log-like per frame for utterance wav000_0691_0641bc2ba4bbd38b157f949cc789a665_110_0.7 is 38.3482 over 62 frames.
wav001_0034_c05012fd7e2939563974faa32f8c1511 定 出来 了 有有 他的 责任 
LOG (latgen-faster:DecodeUtteranceLatticeFaster():decoder-wrappers.cc:383) Log-like per frame for utterance wav001_0034_c05012fd7e2939563974faa32f8c1511 is 39.8885 over 81 frames.
wav000_0619_96b311e058d44abc9a9d41526e2c75e_260_1.15 那 王总 钱 都是 
LOG (latgen-faster:DecodeUtteranceLatticeFaster():decoder-wrappers.cc:383) Log-like per frame for utterance wav000_0619_96b311e058d44abc9a9d41526e2c75e_260_1.15 is 35.1142 over 74 frames.
wav000_0399_361a37cc84275b38cf4f7816e83192e1_135_0.9 二零一八年 的 九月 二十八日 是 对 王 伟 处以 罚款 两百 元 收缴 赌资 人民币 事业 
LOG (latgen-faster:DecodeUtteranceLatticeFaster():decoder-wrappers.cc:383) Log-like per frame for utterance wav000_0399_361a37cc84275b38cf4f7816e83192e1_135_0.9 is 37.825 over 200 frames.
wav001_0104_ace3f2c5603ffb53b11e34c1c1e34afc_285_1.2 有 受害人 的 亲属 啊 
LOG (latgen-faster:DecodeUtteranceLatticeFaster():decoder-wrappers.cc:383) Log-like per frame for utterance wav001_0104_ace3f2c5603ffb53b11e34c1c1e34afc_285_1.2 is 40.0541 over 86 frames.
wav001_0726__5c03acd358b4b4adddf4ad02fe2dac3e_85_0.9 就是你 这个 答辩状 写 得很 乱 的 哈 
LOG (latgen-faster:DecodeUtteranceLatticeFaster():decoder-wrappers.cc:383) Log-like per frame for utterance wav001_0726__5c03acd358b4b4adddf4ad02fe2dac3e_85_0.9 is 40.9662 over 93 frames.
wav001_0354_c60b0c2f3afe840041eb1748654eac61_85_0.75 呃 实际上 是 
LOG (latgen-faster:DecodeUtteranceLatticeFaster():decoder-wrappers.cc:383) Log-like per frame for utterance wav001_0354_c60b0c2f3afe840041eb1748654eac61_85_0.75 is 42.4155 over 55 frames.
wav001_0792_32d4d76ec0f5e57feaf79ba69dad8676_135_0.7 重庆 人 做为 讼诉 中 
LOG (latgen-faster:DecodeUtteranceLatticeFaster():decoder-wrappers.cc:383) Log-like per frame for utterance wav001_0792_32d4d76ec0f5e57feaf79ba69dad8676_135_0.7 is 32.4219 over 88 frames.
wav000_0877_ecdba515dc170cd1fc3b5db5baac112_235_1.25 是 碰到 那个 鼻子 是 流血 了 没错 但 不是我 要 去 打 他 打成 他 那样 子 你 鼻子 流血 
LOG (latgen-faster:DecodeUtteranceLatticeFaster():decoder-wrappers.cc:383) Log-like per frame for utterance wav000_0877_ecdba515dc170cd1fc3b5db5baac112_235_1.25 is 36.5358 over 205 frames.
wav001_0613_a6e5b9c9b725b2321b0a2ca07a47729_310_1.35 嗯 这个 我说 一下 啊 
LOG (latgen-faster:DecodeUtteranceLatticeFaster():decoder-wrappers.cc:383) Log-like per frame for utterance wav001_0613_a6e5b9c9b725b2321b0a2ca07a47729_310_1.35 is 37.2819 over 60 frames.
wav000_0966_793a4362953f1cc43443b9493eb38adf_160_0.7 装修 凭证 均 系 
LOG (latgen-faster:DecodeUtteranceLatticeFaster():decoder-wrappers.cc:383) Log-like per frame for utterance wav000_0966_793a4362953f1cc43443b9493eb38adf_160_0.7 is 31.4992 over 56 frames.
wav001_0942_8b9861278b0fad0540e8219f0509aa01_285_1.2 各方 当事人 是否 同意 
LOG (latgen-faster:DecodeUtteranceLatticeFaster():decoder-wrappers.cc:383) Log-like per frame for utterance wav001_0942_8b9861278b0fad0540e8219f0509aa01_285_1.2 is 39.4279 over 63 frames.
wav001_0061_d671c00a76caea05a61d57fa92292942 涉及到 行政 单位 机构改革 之前 之前 的 玻璃 跟 这个 呃 相关 机构 
LOG (latgen-faster:DecodeUtteranceLatticeFaster():decoder-wrappers.cc:383) Log-like per frame for utterance wav001_0061_d671c00a76caea05a61d57fa92292942 is 40.9913 over 205 frames.
wav000_0488_48249c8dcdf37de026c6e0d54f79e890_160_0.9 是你 
LOG (latgen-faster:DecodeUtteranceLatticeFaster():decoder-wrappers.cc:383) Log-like per frame for utterance wav000_0488_48249c8dcdf37de026c6e0d54f79e890_160_0.9 is 31.9582 over 44 frames.
wav000_0375_320e1c761ef71951574036dbf38f168a_85_0.75 公务员 
LOG (latgen-faster:DecodeUtteranceLatticeFaster():decoder-wrappers.cc:383) Log-like per frame for utterance wav000_0375_320e1c761ef71951574036dbf38f168a_85_0.75 is 32.5373 over 60 frames.
wav001_0439_7bb37de13d90af360d24b4ea8ef2399_185_0.85 退休 吗 
LOG (latgen-faster:DecodeUtteranceLatticeFaster():decoder-wrappers.cc:383) Log-like per frame for utterance wav001_0439_7bb37de13d90af360d24b4ea8ef2399_185_0.85 is 35.034 over 30 frames.
wav000_0744_d6ed4790a8de813c36f566028ab9f32_210_1.15 你是 四 乘 就 跟 我们 是 吧 
LOG (latgen-faster:DecodeUtteranceLatticeFaster():decoder-wrappers.cc:383) Log-like per frame for utterance wav000_0744_d6ed4790a8de813c36f566028ab9f32_210_1.15 is 41.1229 over 66 frames.
wav001_0438_d0e4be6ec934518e11d64dc9d820fa5e_285_1.2 世界 
LOG (latgen-faster:DecodeUtteranceLatticeFaster():decoder-wrappers.cc:383) Log-like per frame for utterance wav001_0438_d0e4be6ec934518e11d64dc9d820fa5e_285_1.2 is 34.0982 over 20 frames.
wav001_0081_53a3fe44c98dc221aecfe83af07f4e0_135_0.75 因为 妊娠 存在 厦门 治疗 
LOG (latgen-faster:DecodeUtteranceLatticeFaster():decoder-wrappers.cc:383) Log-like per frame for utterance wav001_0081_53a3fe44c98dc221aecfe83af07f4e0_135_0.75 is 36.5717 over 105 frames.
wav000_0311_e8057749c3e9c017a61b77b37bfa75e_185_0.75 是 吧 这 
LOG (latgen-faster:DecodeUtteranceLatticeFaster():decoder-wrappers.cc:383) Log-like per frame for utterance wav000_0311_e8057749c3e9c017a61b77b37bfa75e_185_0.75 is 35.4235 over 26 frames.
wav000_0190_a6450f0fd0f13d0b8411b6a0b526ffea_85_0.75 对 
LOG (latgen-faster:DecodeUtteranceLatticeFaster():decoder-wrappers.cc:383) Log-like per frame for utterance wav000_0190_a6450f0fd0f13d0b8411b6a0b526ffea_85_0.75 is 39.4599 over 27 frames.
wav001_0202_7138ec2a2f0fdbc2438e2c5f7fe1fcb_235_1.15 没有 
LOG (latgen-faster:DecodeUtteranceLatticeFaster():decoder-wrappers.cc:383) Log-like per frame for utterance wav001_0202_7138ec2a2f0fdbc2438e2c5f7fe1fcb_235_1.15 is 44.6908 over 25 frames.
wav001_0714_bddb63f72e46b780abf20917c11277ba_110_0.7 不是 不能说 他 没有 殴打 证据 充分 的 通过 其他 证据 不能说 证明 因为 这个 关于 
LOG (latgen-faster:DecodeUtteranceLatticeFaster():decoder-wrappers.cc:383) Log-like per frame for utterance wav001_0714_bddb63f72e46b780abf20917c11277ba_110_0.7 is 32.6172 over 205 frames.
wav000_0379_6f5c5ce8bec39fca63797e4496c50f31_285_1.2 根据 本 院 送达 鉴 鉴证 二零 
LOG (latgen-faster:DecodeUtteranceLatticeFaster():decoder-wrappers.cc:383) Log-like per frame for utterance wav000_0379_6f5c5ce8bec39fca63797e4496c50f31_285_1.2 is 37.6011 over 104 frames.
wav001_0153_a34e6663635bb173a16e2661de83d000_210_1.2 以此 作为 文章 所 承担 一个 架子 
LOG (latgen-faster:DecodeUtteranceLatticeFaster():decoder-wrappers.cc:383) Log-like per frame for utterance wav001_0153_a34e6663635bb173a16e2661de83d000_210_1.2 is 34.5854 over 107 frames.
wav001_0078_7ba6d6b90ff494729b8a9d799dfaec9f 那 要求 呢 冻结 
LOG (latgen-faster:DecodeUtteranceLatticeFaster():decoder-wrappers.cc:383) Log-like per frame for utterance wav001_0078_7ba6d6b90ff494729b8a9d799dfaec9f is 40.9365 over 60 frames.
wav000_0934_332083ecdefbf22c73f0463636db5f15_185_0.7 二零一三年 六月 二日 刑满释放 二零一五年 七月 十日 因 犯 贩卖 
LOG (latgen-faster:DecodeUtteranceLatticeFaster():decoder-wrappers.cc:383) Log-like per frame for utterance wav000_0934_332083ecdefbf22c73f0463636db5f15_185_0.7 is 37.7163 over 205 frames.
wav000_0660_f656ed95aa4c25120dd34c1f21f9a322_210_1.1 登记证 我们 
LOG (latgen-faster:DecodeUtteranceLatticeFaster():decoder-wrappers.cc:383) Log-like per frame for utterance wav000_0660_f656ed95aa4c25120dd34c1f21f9a322_210_1.1 is 31.6693 over 47 frames.
wav001_0204_f022228fab2dad76aee14994dc8637a_110_0.85 对 这个 
LOG (latgen-faster:DecodeUtteranceLatticeFaster():decoder-wrappers.cc:383) Log-like per frame for utterance wav001_0204_f022228fab2dad76aee14994dc8637a_110_0.85 is 48.0856 over 44 frames.
wav000_0522_51f0ea57b7468a78e6fcdefd24732fc_235_1.15 请坐 下 
LOG (latgen-faster:DecodeUtteranceLatticeFaster():decoder-wrappers.cc:383) Log-like per frame for utterance wav000_0522_51f0ea57b7468a78e6fcdefd24732fc_235_1.15 is 38.9773 over 35 frames.
wav000_0414_1f1ada341b0286b22e94aad251fa8c1_260_1.15 嗯 他说 叫我 
LOG (latgen-faster:DecodeUtteranceLatticeFaster():decoder-wrappers.cc:383) Log-like per frame for utterance wav000_0414_1f1ada341b0286b22e94aad251fa8c1_260_1.15 is 39.6421 over 74 frames.
wav000_0571_361a37cc84275b38cf4f7816e83192e1_85_0.75 二零一八年 的 九月 二十八日 县 给 王文 处于 罚款 两百 元 诉讼 杜 济民 的 律师 
LOG (latgen-faster:DecodeUtteranceLatticeFaster():decoder-wrappers.cc:383) Log-like per frame for utterance wav000_0571_361a37cc84275b38cf4f7816e83192e1_85_0.75 is 32.9519 over 200 frames.
wav001_0896_c0ab5dac8a25a0eea0187fd7397e5983_285_1.1 对 一下 
LOG (latgen-faster:DecodeUtteranceLatticeFaster():decoder-wrappers.cc:383) Log-like per frame for utterance wav001_0896_c0ab5dac8a25a0eea0187fd7397e5983_285_1.1 is 36.9925 over 29 frames.
wav001_0187_3e5fa03da5507187f4b83ce75c9cf7b_210_1.15 初中 实际 造成 了 上诉 人的 巨大 租金 损失 
LOG (latgen-faster:DecodeUtteranceLatticeFaster():decoder-wrappers.cc:383) Log-like per frame for utterance wav001_0187_3e5fa03da5507187f4b83ce75c9cf7b_210_1.15 is 37.336 over 117 frames.
wav000_0614_996c0a4caadaafdcd0627b9ead4d7eb9_185_0.8 我 就 下 的 
LOG (latgen-faster:DecodeUtteranceLatticeFaster():decoder-wrappers.cc:383) Log-like per frame for utterance wav000_0614_996c0a4caadaafdcd0627b9ead4d7eb9_185_0.8 is 29.3518 over 20 frames.
wav001_0199_a53c560ffe1d85866ec08e3e0161100_160_0.85 至今 签订 的 
LOG (latgen-faster:DecodeUtteranceLatticeFaster():decoder-wrappers.cc:383) Log-like per frame for utterance wav001_0199_a53c560ffe1d85866ec08e3e0161100_160_0.85 is 36.2201 over 44 frames.
wav000_0764_baeba4480cb0a3f9d8a933cb7020056_135_0.85 这个 第一 
LOG (latgen-faster:DecodeUtteranceLatticeFaster():decoder-wrappers.cc:383) Log-like per frame for utterance wav000_0764_baeba4480cb0a3f9d8a933cb7020056_135_0.85 is 34.9643 over 20 frames.
wav000_0424__32d4d76ec0f5e57feaf79ba69dad8676_85_0.9 上诉 人 在上 诉状 
LOG (latgen-faster:DecodeUtteranceLatticeFaster():decoder-wrappers.cc:383) Log-like per frame for utterance wav000_0424__32d4d76ec0f5e57feaf79ba69dad8676_85_0.9 is 38.2142 over 88 frames.
wav001_0049_7e8057749c3e9c017a61b77b37bfa75e 啊 张 
LOG (latgen-faster:DecodeUtteranceLatticeFaster():decoder-wrappers.cc:383) Log-like per frame for utterance wav001_0049_7e8057749c3e9c017a61b77b37bfa75e is 37.2009 over 26 frames.
wav000_0680_656ed95aa4c25120dd34c1f21f9a322_235_1.15 登记证 我们 
LOG (latgen-faster:DecodeUtteranceLatticeFaster():decoder-wrappers.cc:383) Log-like per frame for utterance wav000_0680_656ed95aa4c25120dd34c1f21f9a322_235_1.15 is 31.5387 over 47 frames.
wav001_0502_6e00f7758ccb23bcbcff31d789a06659_235_1.1 进行 这个 是 
LOG (latgen-faster:DecodeUtteranceLatticeFaster():decoder-wrappers.cc:383) Log-like per frame for utterance wav001_0502_6e00f7758ccb23bcbcff31d789a06659_235_1.1 is 35.911 over 43 frames.
wav000_0519_6c1d7447bd5eb58c4563f03b3865e97_135_0.85 是非 常明 确 的 被申请人 西北 幼儿园 
LOG (latgen-faster:DecodeUtteranceLatticeFaster():decoder-wrappers.cc:383) Log-like per frame for utterance wav000_0519_6c1d7447bd5eb58c4563f03b3865e97_135_0.85 is 37.5917 over 134 frames.
wav000_0815_f6f71748d4b129acbe7e791f9de72809_285_1.2 他意 思 说 要 调解 调解 不 承担 如果 不知道 能 啊 就 根据 法院 支持 我们 刚才 的 诉讼 请求 
LOG (latgen-faster:DecodeUtteranceLatticeFaster():decoder-wrappers.cc:383) Log-like per frame for utterance wav000_0815_f6f71748d4b129acbe7e791f9de72809_285_1.2 is 34.8481 over 205 frames.
wav001_0764_cd8a037ecfe24ec858cfc2e743e6b42c_235_1.2 一审 的 本 院 认为是 等 一下 的 缓解 了 
LOG (latgen-faster:DecodeUtteranceLatticeFaster():decoder-wrappers.cc:383) Log-like per frame for utterance wav001_0764_cd8a037ecfe24ec858cfc2e743e6b42c_235_1.2 is 38.2238 over 109 frames.
wav001_0622_2c4316f3f09c1bf81091b98805d8fb15_260_1.2 对 
LOG (latgen-faster:DecodeUtteranceLatticeFaster():decoder-wrappers.cc:383) Log-like per frame for utterance wav001_0622_2c4316f3f09c1bf81091b98805d8fb15_260_1.2 is 37.9003 over 26 frames.
wav000_0726_258e600b0281d3cf7d9850aad7acc24_260_1.15 个 祈福 哎呀 都是 电话 来了 啊 那个 
LOG (latgen-faster:DecodeUtteranceLatticeFaster():decoder-wrappers.cc:383) Log-like per frame for utterance wav000_0726_258e600b0281d3cf7d9850aad7acc24_260_1.15 is 43.0662 over 130 frames.
wav000_0495_846b84e03709e2dd46ff0ad4807846bc 是不是 嗯 你 要 注明 这个 无 三 页 呃 二零一八年 三月 十日 这个 借条 走 
LOG (latgen-faster:DecodeUtteranceLatticeFaster():decoder-wrappers.cc:383) Log-like per frame for utterance wav000_0495_846b84e03709e2dd46ff0ad4807846bc is 41.2483 over 205 frames.
wav000_0716_bddb63f72e46b780abf20917c11277ba_160_0.8 不是 不能说 他 没有 殴打 这 证据 充分 的 因为 其他 证据 不能 是 证明 因为 这个 关于 
LOG (latgen-faster:DecodeUtteranceLatticeFaster():decoder-wrappers.cc:383) Log-like per frame for utterance wav000_0716_bddb63f72e46b780abf20917c11277ba_160_0.8 is 36.2712 over 205 frames.
wav000_0203_7eeda4464f0b4ee0691e19d0db0bc592_210_1.1 你 同 不同 意 黄 小金 的 这个 
LOG (latgen-faster:DecodeUtteranceLatticeFaster():decoder-wrappers.cc:383) Log-like per frame for utterance wav000_0203_7eeda4464f0b4ee0691e19d0db0bc592_210_1.1 is 40.1831 over 88 frames.
wav001_0161_83390be235b191f33b8dd0addc7f419a_185_0.7 夜景 工程 是 陈军 县人 民法 院 就 汇报 
LOG (latgen-faster:DecodeUtteranceLatticeFaster():decoder-wrappers.cc:383) Log-like per frame for utterance wav001_0161_83390be235b191f33b8dd0addc7f419a_185_0.7 is 31.2954 over 112 frames.
wav000_0497_e156af8ccb27232b3070cd9d9a451bcf 误认为 
LOG (latgen-faster:DecodeUtteranceLatticeFaster():decoder-wrappers.cc:383) Log-like per frame for utterance wav000_0497_e156af8ccb27232b3070cd9d9a451bcf is 39.7636 over 36 frames.
wav001_0011_09c7ac3b18924f936039dcef3718af12 讲 完了 没有 
LOG (latgen-faster:DecodeUtteranceLatticeFaster():decoder-wrappers.cc:383) Log-like per frame for utterance wav001_0011_09c7ac3b18924f936039dcef3718af12 is 35.7735 over 33 frames.
wav001_0015_c7f5479b87f3d6f32e5ba291d58d434c_160_0.7 嗯嗯 不 录入 多 亩 
LOG (latgen-faster:DecodeUtteranceLatticeFaster():decoder-wrappers.cc:383) Log-like per frame for utterance wav001_0015_c7f5479b87f3d6f32e5ba291d58d434c_160_0.7 is 37.9108 over 88 frames.
wav001_0921_ff650fa6602f4baf5ce88c1c6fb973f7 因为他 没有 没有 诚意 还钱 因为 这个 一 
LOG (latgen-faster:DecodeUtteranceLatticeFaster():decoder-wrappers.cc:383) Log-like per frame for utterance wav001_0921_ff650fa6602f4baf5ce88c1c6fb973f7 is 34.7926 over 101 frames.
wav000_0678_58f78594b3bdbd504213822662219bde 潘 家 是 写 在 这边 白纸黑字 写 
LOG (latgen-faster:DecodeUtteranceLatticeFaster():decoder-wrappers.cc:383) Log-like per frame for utterance wav000_0678_58f78594b3bdbd504213822662219bde is 33.1621 over 73 frames.
wav000_0484_846b84e03709e2dd46ff0ad4807846bc_160_0.7 是不是 你就是 这个 生日 嗯 不认 识字 这个 借条 
LOG (latgen-faster:RebuildRepository():determinize-lattice-pruned.cc:294) Rebuilding repository.
WARNING (latgen-faster:CheckMemoryUsage():determinize-lattice-pruned.cc:327) Did not reach requested beam in determinize-lattice: size exceeds maximum 20000000 bytes; (repo,arcs,elems) = (7095104,86240,13020216), after rebuilding, repo size was 3379232, effective beam was 7.90614 vs. requested beam 10
WARNING (latgen-faster:DecodeUtteranceLatticeFaster():decoder-wrappers.cc:370) Determinization finished earlier than the beam for utterance wav000_0484_846b84e03709e2dd46ff0ad4807846bc_160_0.7
LOG (latgen-faster:DecodeUtteranceLatticeFaster():decoder-wrappers.cc:383) Log-like per frame for utterance wav000_0484_846b84e03709e2dd46ff0ad4807846bc_160_0.7 is 34.6156 over 205 frames.
wav000_0091_dc93fa7bac5ba670cf58cd410ca2fa7_235_1.25 特征 如 套路 贷 的 这个 理由 
LOG (latgen-faster:DecodeUtteranceLatticeFaster():decoder-wrappers.cc:383) Log-like per frame for utterance wav000_0091_dc93fa7bac5ba670cf58cd410ca2fa7_235_1.25 is 37.7522 over 102 frames.
wav000_0349_8346fd58f00a5d9d1863ae741b5d0a2_210_1.25 那你 知道 你知道不知道 这个 李伟 这样 子 多少 股份 的 
LOG (latgen-faster:DecodeUtteranceLatticeFaster():decoder-wrappers.cc:383) Log-like per frame for utterance wav000_0349_8346fd58f00a5d9d1863ae741b5d0a2_210_1.25 is 40.6927 over 145 frames.
wav001_0217_185b9f0288c8387623960a1702987af0_210_1.2 法定继承 人是 没有 主张 保险金 
LOG (latgen-faster:DecodeUtteranceLatticeFaster():decoder-wrappers.cc:383) Log-like per frame for utterance wav001_0217_185b9f0288c8387623960a1702987af0_210_1.2 is 36.1574 over 121 frames.
wav000_0830_2a057776266f6fc52e786cd03d6220a_135_0.75 嗯 
LOG (latgen-faster:DecodeUtteranceLatticeFaster():decoder-wrappers.cc:383) Log-like per frame for utterance wav000_0830_2a057776266f6fc52e786cd03d6220a_135_0.75 is 31.2653 over 55 frames.
wav001_0285_3e5fa03da5507187f4b83ce75c9cf7b_310_1.45 初中 实际 造成 了 上诉 人的 欺诈 租金 损失 
LOG (latgen-faster:DecodeUtteranceLatticeFaster():decoder-wrappers.cc:383) Log-like per frame for utterance wav001_0285_3e5fa03da5507187f4b83ce75c9cf7b_310_1.45 is 33.069 over 117 frames.
wav000_0839_90415e27a14c4ef555bb429a59773b8_160_0.85 这条 这 不 不在 写 了 啊 我不 我不相信 他 啊 
LOG (latgen-faster:DecodeUtteranceLatticeFaster():decoder-wrappers.cc:383) Log-like per frame for utterance wav000_0839_90415e27a14c4ef555bb429a59773b8_160_0.85 is 38.3057 over 160 frames.
wav001_0546_4632e0f9c950c2d0896906cb0ab63bd6_310_1.3 侵权责任法 以及 最高院 关于 雷 笋 司法解释 的 规定 并没有 规定 
LOG (latgen-faster:DecodeUtteranceLatticeFaster():decoder-wrappers.cc:383) Log-like per frame for utterance wav001_0546_4632e0f9c950c2d0896906cb0ab63bd6_310_1.3 is 37.7502 over 199 frames.
wav001_0247_656ed95aa4c25120dd34c1f21f9a322_135_0.75 根据 我们 
LOG (latgen-faster:DecodeUtteranceLatticeFaster():decoder-wrappers.cc:383) Log-like per frame for utterance wav001_0247_656ed95aa4c25120dd34c1f21f9a322_135_0.75 is 31.4782 over 47 frames.
wav000_0565__3af815a1688d656f887fd6bec26741fb_85_0.9 那 我们的 举证 完毕 
LOG (latgen-faster:DecodeUtteranceLatticeFaster():decoder-wrappers.cc:383) Log-like per frame for utterance wav000_0565__3af815a1688d656f887fd6bec26741fb_85_0.9 is 39.7326 over 76 frames.
wav001_0119_84cb68ae21b992d95df611152571a3f3 原告 借款 
LOG (latgen-faster:DecodeUtteranceLatticeFaster():decoder-wrappers.cc:383) Log-like per frame for utterance wav001_0119_84cb68ae21b992d95df611152571a3f3 is 31.9531 over 21 frames.
wav000_0196_46d4006afeb636e07e4383e18df42af_235_1.15 支付 两万 
LOG (latgen-faster:DecodeUtteranceLatticeFaster():decoder-wrappers.cc:383) Log-like per frame for utterance wav000_0196_46d4006afeb636e07e4383e18df42af_235_1.15 is 41.4808 over 43 frames.
wav001_0784_cfc4a4596dd57f27bc4a60db1ff5238_260_1.15 这 到 今天 为止 我也 没有 看到 一张 证据 证明 陈文 贵 是 家属 
LOG (latgen-faster:DecodeUtteranceLatticeFaster():decoder-wrappers.cc:383) Log-like per frame for utterance wav001_0784_cfc4a4596dd57f27bc4a60db1ff5238_260_1.15 is 34.3449 over 142 frames.
wav000_0229_12f20c712737921635aa95ec4521eb22_160_0.7 申请人 支付 
LOG (latgen-faster:DecodeUtteranceLatticeFaster():decoder-wrappers.cc:383) Log-like per frame for utterance wav000_0229_12f20c712737921635aa95ec4521eb22_160_0.7 is 38.2204 over 40 frames.
wav000_0183_46b84e03709e2dd46ff0ad4807846bc_185_0.75 是不是 就是 这个 声音 呃 二月 三月 十日 这个 借条 中 
LOG (latgen-faster:DecodeUtteranceLatticeFaster():decoder-wrappers.cc:383) Log-like per frame for utterance wav000_0183_46b84e03709e2dd46ff0ad4807846bc_185_0.75 is 35.1217 over 205 frames.
wav000_0103_6c8d3aa43d1b8d34c6d3afd296b2e243_210_1.2 他 就 妹子 你 认识 吧 
LOG (latgen-faster:DecodeUtteranceLatticeFaster():decoder-wrappers.cc:383) Log-like per frame for utterance wav000_0103_6c8d3aa43d1b8d34c6d3afd296b2e243_210_1.2 is 35.5275 over 47 frames.
wav001_0776_a40f0e62544c6fa017476cf19b2444f_135_0.85 其中 一 大方 的 商家 人 呢 右边 是 他 一套 房 的那 怎么会 有 穿插 有 查封 这边 
LOG (latgen-faster:DecodeUtteranceLatticeFaster():decoder-wrappers.cc:383) Log-like per frame for utterance wav001_0776_a40f0e62544c6fa017476cf19b2444f_135_0.85 is 37.2098 over 205 frames.
wav001_0594_74bfee179ce0f7e5fe649a34a1669e4b_210_1.1 呃 用于 购买 上诉 人 及其 母亲 家人 的 名牌 衣物 鞋 话 等 共计 人民币 一万 一千 
LOG (latgen-faster:DecodeUtteranceLatticeFaster():decoder-wrappers.cc:383) Log-like per frame for utterance wav001_0594_74bfee179ce0f7e5fe649a34a1669e4b_210_1.1 is 37.5243 over 205 frames.
wav001_0838_0e71e903e7f79e6abe731d41e44d4b9_235_1.15 加入 这个 这个 心理 上 这个 这 这 这 不正 里面 有 
LOG (latgen-faster:DecodeUtteranceLatticeFaster():decoder-wrappers.cc:383) Log-like per frame for utterance wav001_0838_0e71e903e7f79e6abe731d41e44d4b9_235_1.15 is 35.3649 over 137 frames.
wav000_0681_0310501ddca17b7089c0e96b64f56ba6_235_1.2 我要 取回 我的 那个 手机 跟 
LOG (latgen-faster:DecodeUtteranceLatticeFaster():decoder-wrappers.cc:383) Log-like per frame for utterance wav000_0681_0310501ddca17b7089c0e96b64f56ba6_235_1.2 is 41.5935 over 108 frames.
wav000_0037_83390be235b191f33b8dd0addc7f419a_135_0.7 运输 工程 现场 运营 县人 民法 院 既然 可以 举报 
LOG (latgen-faster:DecodeUtteranceLatticeFaster():decoder-wrappers.cc:383) Log-like per frame for utterance wav000_0037_83390be235b191f33b8dd0addc7f419a_135_0.7 is 31.6138 over 112 frames.
wav000_0183_8a0afc46b7b90e8598c7a8adeb1cb2b5 做 吗 你 记 
LOG (latgen-faster:DecodeUtteranceLatticeFaster():decoder-wrappers.cc:383) Log-like per frame for utterance wav000_0183_8a0afc46b7b90e8598c7a8adeb1cb2b5 is 31.6071 over 42 frames.
wav000_0625_361a37cc84275b38cf4f7816e83192e1_285_1.2 二零一八年 的 九月 二十八 呢 是 对 王伟 处于 发放 两百 元 收缴 赌资 人民币 事业 
LOG (latgen-faster:DecodeUtteranceLatticeFaster():decoder-wrappers.cc:383) Log-like per frame for utterance wav000_0625_361a37cc84275b38cf4f7816e83192e1_285_1.2 is 35.8865 over 200 frames.
wav000_0357_6fc0e0b661c6f1dd978af5ca04953a41_85_0.85 并 
LOG (latgen-faster:DecodeUtteranceLatticeFaster():decoder-wrappers.cc:383) Log-like per frame for utterance wav000_0357_6fc0e0b661c6f1dd978af5ca04953a41_85_0.85 is 41.2599 over 28 frames.
wav000_0984_c5d3ac6abe16e3b456866a4c5cef6816_210_1.2 提请 公诉 请 依法 审案 
LOG (latgen-faster:DecodeUtteranceLatticeFaster():decoder-wrappers.cc:383) Log-like per frame for utterance wav000_0984_c5d3ac6abe16e3b456866a4c5cef6816_210_1.2 is 38.584 over 92 frames.
wav000_0020_3aafcba5a13328180a8650914f4c138e_210_1.1 机遇 
LOG (latgen-faster:DecodeUtteranceLatticeFaster():decoder-wrappers.cc:383) Log-like per frame for utterance wav000_0020_3aafcba5a13328180a8650914f4c138e_210_1.1 is 39.3934 over 41 frames.
wav000_0194_805262845521d6bdb52d1db36604446e_310_1.4 那个 亲 我 就 不行 不行 就是 的话 这个 是 不愿意 的这 个 悲惨 
LOG (latgen-faster:DecodeUtteranceLatticeFaster():decoder-wrappers.cc:383) Log-like per frame for utterance wav000_0194_805262845521d6bdb52d1db36604446e_310_1.4 is 30.3157 over 187 frames.
wav001_0342_4b7fa45434ca0b494a45bf297e9501d_160_0.75 对 交通工具 
LOG (latgen-faster:DecodeUtteranceLatticeFaster():decoder-wrappers.cc:383) Log-like per frame for utterance wav001_0342_4b7fa45434ca0b494a45bf297e9501d_160_0.75 is 29.4583 over 51 frames.
wav000_0121_912b6b75836557e755a6d99e77b3e0c_235_1.15 第二 个 就是说 
LOG (latgen-faster:DecodeUtteranceLatticeFaster():decoder-wrappers.cc:383) Log-like per frame for utterance wav000_0121_912b6b75836557e755a6d99e77b3e0c_235_1.15 is 40.2399 over 40 frames.
wav000_0387_83d37e06ff7283dc687fe74f44e0bd4_285_1.15 嘿嘿 
LOG (latgen-faster:DecodeUtteranceLatticeFaster():decoder-wrappers.cc:383) Log-like per frame for utterance wav000_0387_83d37e06ff7283dc687fe74f44e0bd4_285_1.15 is 34.9899 over 24 frames.
wav001_0144_258e600b0281d3cf7d9850aad7acc24_310_1.45 更 清楚 哎呀 都是 店 过来 吧 啊 那个 
LOG (latgen-faster:DecodeUtteranceLatticeFaster():decoder-wrappers.cc:383) Log-like per frame for utterance wav001_0144_258e600b0281d3cf7d9850aad7acc24_310_1.45 is 41.7513 over 130 frames.
wav001_0159_bfeffce8d314c516c65393978b0b212b_285_1.2 另 查明 被告人 刘洋 杜 小 涛 完结 三人 于 二零一一年 九月 
LOG (latgen-faster:DecodeUtteranceLatticeFaster():decoder-wrappers.cc:383) Log-like per frame for utterance wav001_0159_bfeffce8d314c516c65393978b0b212b_285_1.2 is 40.6673 over 205 frames.
wav000_0018_edbfa1aecc4af467ec505d963ce5885_310_1.35 哦 那你 就 没有 任何 间 那那 这样 重要 的 是 
LOG (latgen-faster:DecodeUtteranceLatticeFaster():decoder-wrappers.cc:383) Log-like per frame for utterance wav000_0018_edbfa1aecc4af467ec505d963ce5885_310_1.35 is 35.299 over 113 frames.
wav001_0260_c7f5479b87f3d6f32e5ba291d58d434c_185_0.8 嗯嗯 都是 有 多少 
LOG (latgen-faster:DecodeUtteranceLatticeFaster():decoder-wrappers.cc:383) Log-like per frame for utterance wav001_0260_c7f5479b87f3d6f32e5ba291d58d434c_185_0.8 is 37.4698 over 88 frames.
wav000_0393_4e9db9a3c6f1fdb5d272bea65d89053_285_1.15 最高人民法院 关于 适用 症 复发 问题 解释 第一 百二十 意见 
LOG (latgen-faster:DecodeUtteranceLatticeFaster():decoder-wrappers.cc:383) Log-like per frame for utterance wav000_0393_4e9db9a3c6f1fdb5d272bea65d89053_285_1.15 is 34.8605 over 128 frames.
wav000_0442_3ee6fd49f49fa72f4d54d4d7a3810c0e_310_1.3 啊 所以 以 合同 解除 条件 
LOG (latgen-faster:DecodeUtteranceLatticeFaster():decoder-wrappers.cc:383) Log-like per frame for utterance wav000_0442_3ee6fd49f49fa72f4d54d4d7a3810c0e_310_1.3 is 37.4549 over 68 frames.
wav001_0259_046482ffb2d5770ead19409c7cd610c6_185_0.9 嗯嗯 嗯嗯 
LOG (latgen-faster:DecodeUtteranceLatticeFaster():decoder-wrappers.cc:383) Log-like per frame for utterance wav001_0259_046482ffb2d5770ead19409c7cd610c6_185_0.9 is 46.9028 over 31 frames.
wav000_0394_b9c43d39864d3c4910f3bb3380e71b33 有没有 这个 提出 你的 独立 的 诉讼 请求 
LOG (latgen-faster:DecodeUtteranceLatticeFaster():decoder-wrappers.cc:383) Log-like per frame for utterance wav000_0394_b9c43d39864d3c4910f3bb3380e71b33 is 42.8362 over 101 frames.
wav000_0370_9a6e5b9c9b725b2321b0a2ca07a47729_135_0.7 嗯 这个 我说 说吧 哈 
LOG (latgen-faster:DecodeUtteranceLatticeFaster():decoder-wrappers.cc:383) Log-like per frame for utterance wav000_0370_9a6e5b9c9b725b2321b0a2ca07a47729_135_0.7 is 37.8445 over 60 frames.
wav000_0051_06fc2234ee54ab285dcd4bdc027414d_235_1.15 完全 就 不符合 法定 的 这个 
LOG (latgen-faster:DecodeUtteranceLatticeFaster():decoder-wrappers.cc:383) Log-like per frame for utterance wav000_0051_06fc2234ee54ab285dcd4bdc027414d_235_1.15 is 35.5904 over 64 frames.
wav001_0818_3898dcb86178563a6106c861524c72e6 同理 实在 公司 本身 
LOG (latgen-faster:DecodeUtteranceLatticeFaster():decoder-wrappers.cc:383) Log-like per frame for utterance wav001_0818_3898dcb86178563a6106c861524c72e6 is 37.3778 over 57 frames.
wav000_0513_cfd455e23935445d26cdb78628c041d1_260_1.1 没有 因为 
LOG (latgen-faster:DecodeUtteranceLatticeFaster():decoder-wrappers.cc:383) Log-like per frame for utterance wav000_0513_cfd455e23935445d26cdb78628c041d1_260_1.1 is 40.5727 over 46 frames.
wav001_0641_c5b273922a590ce041c2bbe119872a8_310_1.35 喂 吃饭 的 名字 
LOG (latgen-faster:DecodeUtteranceLatticeFaster():decoder-wrappers.cc:383) Log-like per frame for utterance wav001_0641_c5b273922a590ce041c2bbe119872a8_310_1.35 is 37.1074 over 47 frames.
wav000_0278_15a302273c31a8753976f81e42a29c2_135_0.85 法定代表人 是谁 呀 
LOG (latgen-faster:DecodeUtteranceLatticeFaster():decoder-wrappers.cc:383) Log-like per frame for utterance wav000_0278_15a302273c31a8753976f81e42a29c2_135_0.85 is 41.2878 over 51 frames.
wav001_0301_4d4ac7cd44e102b45f2c48b17c3a768_260_1.25 你 去 关闭 天气 
LOG (latgen-faster:DecodeUtteranceLatticeFaster():decoder-wrappers.cc:383) Log-like per frame for utterance wav001_0301_4d4ac7cd44e102b45f2c48b17c3a768_260_1.25 is 32.6703 over 63 frames.
wav000_0830_f13a629093a26c2558c58d9273a5e41_310_1.45 也是 完全 是一种 临时性 为什么呢 
LOG (latgen-faster:DecodeUtteranceLatticeFaster():decoder-wrappers.cc:383) Log-like per frame for utterance wav000_0830_f13a629093a26c2558c58d9273a5e41_310_1.45 is 35.08 over 106 frames.
wav000_0626_b575f98403c909aa0dab27aa1f52f02_110_0.85 以 中铁 公司 的 名义 
LOG (latgen-faster:DecodeUtteranceLatticeFaster():decoder-wrappers.cc:383) Log-like per frame for utterance wav000_0626_b575f98403c909aa0dab27aa1f52f02_110_0.85 is 42.3874 over 67 frames.
wav000_0411_cfd455e23935445d26cdb78628c041d1 没有 也没有 
LOG (latgen-faster:DecodeUtteranceLatticeFaster():decoder-wrappers.cc:383) Log-like per frame for utterance wav000_0411_cfd455e23935445d26cdb78628c041d1 is 43.4379 over 46 frames.
wav000_0962_b15bd6c962ea18ab2370b2d20da298a2_310_1.3 当然 被上诉人 向 法庭 提供了 相关 的 证据 
LOG (latgen-faster:DecodeUtteranceLatticeFaster():decoder-wrappers.cc:383) Log-like per frame for utterance wav000_0962_b15bd6c962ea18ab2370b2d20da298a2_310_1.3 is 38.8482 over 135 frames.
wav000_0098__c59f89f43d80c370791185d96a71f186_85_0.7 没有 无所 效 
LOG (latgen-faster:DecodeUtteranceLatticeFaster():decoder-wrappers.cc:383) Log-like per frame for utterance wav000_0098__c59f89f43d80c370791185d96a71f186_85_0.7 is 35.3553 over 55 frames.
wav001_0205_1a3e6ef323fc79f67ce9b9e93dc1f3cd_110_0.7 哦 原告 对 对方 质证 身份 也 没 意见 
LOG (latgen-faster:DecodeUtteranceLatticeFaster():decoder-wrappers.cc:383) Log-like per frame for utterance wav001_0205_1a3e6ef323fc79f67ce9b9e93dc1f3cd_110_0.7 is 35.5673 over 93 frames.
wav000_0331_01d96703554fdf9c21d8a517a9b5bd1e_285_1.1 亲情 之 诉 的话 就是说 我们 根据 实际 发生 的 损失 
LOG (latgen-faster:DecodeUtteranceLatticeFaster():decoder-wrappers.cc:383) Log-like per frame for utterance wav000_0331_01d96703554fdf9c21d8a517a9b5bd1e_285_1.1 is 37.7754 over 111 frames.
wav000_0389_66dda517ce359d1fec62c2ec1ba1afd_160_0.75 嗯 汾酒 纯金 
LOG (latgen-faster:DecodeUtteranceLatticeFaster():decoder-wrappers.cc:383) Log-like per frame for utterance wav000_0389_66dda517ce359d1fec62c2ec1ba1afd_160_0.75 is 35.987 over 89 frames.
wav000_0134_c1f1ada341b0286b22e94aad251fa8c1_110_0.9 嗯 他说 叫我 
LOG (latgen-faster:DecodeUtteranceLatticeFaster():decoder-wrappers.cc:383) Log-like per frame for utterance wav000_0134_c1f1ada341b0286b22e94aad251fa8c1_110_0.9 is 41.2873 over 74 frames.
wav000_0202_60e71e903e7f79e6abe731d41e44d4b9_110_0.8 进入 诉讼 做 视频 他们 这种 就 就 证据 证明 内容 
LOG (latgen-faster:RebuildRepository():determinize-lattice-pruned.cc:294) Rebuilding repository.
WARNING (latgen-faster:CheckMemoryUsage():determinize-lattice-pruned.cc:327) Did not reach requested beam in determinize-lattice: size exceeds maximum 20000000 bytes; (repo,arcs,elems) = (7155872,36864,13092960), after rebuilding, repo size was 3913088, effective beam was 6.23642 vs. requested beam 10
WARNING (latgen-faster:DecodeUtteranceLatticeFaster():decoder-wrappers.cc:370) Determinization finished earlier than the beam for utterance wav000_0202_60e71e903e7f79e6abe731d41e44d4b9_110_0.8
LOG (latgen-faster:DecodeUtteranceLatticeFaster():decoder-wrappers.cc:383) Log-like per frame for utterance wav000_0202_60e71e903e7f79e6abe731d41e44d4b9_110_0.8 is 31.4517 over 137 frames.
wav000_0163_7b9953b9dc12b364032f47ccaa4cc9d_235_1.25 都是 鉴定 其 父母 
LOG (latgen-faster:DecodeUtteranceLatticeFaster():decoder-wrappers.cc:383) Log-like per frame for utterance wav000_0163_7b9953b9dc12b364032f47ccaa4cc9d_235_1.25 is 30.0145 over 42 frames.
wav000_0028_6c1e0a4d8de614f8116a4f928ecdeb7_285_1.25 嗯 
LOG (latgen-faster:DecodeUtteranceLatticeFaster():decoder-wrappers.cc:383) Log-like per frame for utterance wav000_0028_6c1e0a4d8de614f8116a4f928ecdeb7_285_1.25 is 42.2942 over 26 frames.
LOG (copy-feats:main():copy-feats.cc:100) Copied 162 feature matrices.
wav000_0357_5c03acd358b4b4adddf4ad02fe2dac3e_260_1.1 就是你 这个 他 办公 写 得很 乱了 啊 
LOG (latgen-faster:DecodeUtteranceLatticeFaster():decoder-wrappers.cc:383) Log-like per frame for utterance wav000_0357_5c03acd358b4b4adddf4ad02fe2dac3e_260_1.1 is 37.8027 over 93 frames.
wav000_0849_46b84e03709e2dd46ff0ad4807846bc_210_1.15 是不是 嗯 你 要证 明 这个 某 商业 呃 二零一八年 三月 十日 这个 借条 中 
LOG (latgen-faster:DecodeUtteranceLatticeFaster():decoder-wrappers.cc:383) Log-like per frame for utterance wav000_0849_46b84e03709e2dd46ff0ad4807846bc_210_1.15 is 38.9939 over 205 frames.
wav000_0828_2d4d76ec0f5e57feaf79ba69dad8676_185_0.85 上诉 人 对 诉讼 中 
LOG (latgen-faster:DecodeUtteranceLatticeFaster():decoder-wrappers.cc:383) Log-like per frame for utterance wav000_0828_2d4d76ec0f5e57feaf79ba69dad8676_185_0.85 is 34.0326 over 88 frames.
LOG (nnet-forward:main():nnet-forward.cc:350) Done 162 files in 5.25299min, (fps 136.763)
wav000_0279_6e34bbca2015163080f644aa0c3c75c8_285_1.1 在 
LOG (latgen-faster:DecodeUtteranceLatticeFaster():decoder-wrappers.cc:383) Log-like per frame for utterance wav000_0279_6e34bbca2015163080f644aa0c3c75c8_285_1.1 is 41.3359 over 28 frames.
LOG (latgen-faster:main():latgen-faster.cc:165) Time taken 321.584s: real-time factor assuming 100 frames/sec is 2.22827
LOG (latgen-faster:main():latgen-faster.cc:168) Done 162 utterances, failed for 0
LOG (latgen-faster:main():latgen-faster.cc:170) Overall log-likelihood per frame is 36.8035 over 14432 frames.
# Accounting: time=322 threads=1
# Ended (code 0) at Mon Apr 12 11:27:31 CST 2021, elapsed time 322 seconds
